2010-11-19 15:07:37,366 - SimpleLog4JLogSystem initialized using logfile 'velocity.log'
2010-11-19 15:07:37,366 - ************************************************************** 
2010-11-19 15:07:37,366 - Starting Jakarta Velocity v1.4
2010-11-19 15:07:37,366 - RuntimeInstance initializing.
2010-11-19 15:07:37,366 - Default Properties File: org/apache/velocity/runtime/defaults/velocity.properties
2010-11-19 15:07:37,366 - Trying to use logger class org.apache.velocity.runtime.log.SimpleLog4JLogSystem
2010-11-19 15:07:37,366 - Using logger class org.apache.velocity.runtime.log.SimpleLog4JLogSystem
2010-11-19 15:07:37,372 - Default ResourceManager initializing. (class org.apache.velocity.runtime.resource.ResourceManagerImpl)
2010-11-19 15:07:37,377 - Resource Loader Instantiated: org.apache.velocity.runtime.resource.loader.ClasspathResourceLoader
2010-11-19 15:07:37,377 - ClasspathResourceLoader : initialization starting.
2010-11-19 15:07:37,377 - ClasspathResourceLoader : initialization complete.
2010-11-19 15:07:37,380 - ResourceCache : initialized. (class org.apache.velocity.runtime.resource.ResourceCacheImpl)
2010-11-19 15:07:37,380 - Default ResourceManager initialization complete.
2010-11-19 15:07:37,383 - Loaded System Directive: org.apache.velocity.runtime.directive.Literal
2010-11-19 15:07:37,386 - Loaded System Directive: org.apache.velocity.runtime.directive.Macro
2010-11-19 15:07:37,391 - Loaded System Directive: org.apache.velocity.runtime.directive.Parse
2010-11-19 15:07:37,394 - Loaded System Directive: org.apache.velocity.runtime.directive.Include
2010-11-19 15:07:37,396 - Loaded System Directive: org.apache.velocity.runtime.directive.Foreach
2010-11-19 15:07:37,439 - Created: 20 parsers.
2010-11-19 15:07:37,453 - Velocimacro : initialization starting.
2010-11-19 15:07:37,453 - Velocimacro : adding VMs from VM library template : VM_global_library.vm
2010-11-19 15:07:37,459 - ResourceManager : unable to find resource 'VM_global_library.vm' in any resource loader.
2010-11-19 15:07:37,459 - Velocimacro : error using  VM library template VM_global_library.vm : org.apache.velocity.exception.ResourceNotFoundException: Unable to find resource 'VM_global_library.vm'
2010-11-19 15:07:37,459 - Velocimacro :  VM library template macro registration complete.
2010-11-19 15:07:37,460 - Velocimacro : allowInline = true : VMs can be defined inline in templates
2010-11-19 15:07:37,460 - Velocimacro : allowInlineToOverride = false : VMs defined inline may NOT replace previous VM definitions
2010-11-19 15:07:37,460 - Velocimacro : allowInlineLocal = false : VMs defined inline will be  global in scope if allowed.
2010-11-19 15:07:37,460 - Velocimacro : messages on  : VM system will output logging messages
2010-11-19 15:07:37,460 - Velocimacro : autoload off  : VM system will not automatically reload global library macros
2010-11-19 15:07:37,460 - Velocimacro : initialization complete.
2010-11-19 15:07:37,460 - Velocity successfully started.
2010-11-19 15:08:01,199 - ResourceManager : found repast/simphony/parameter/parameters.vt with loader org.apache.velocity.runtime.resource.loader.ClasspathResourceLoader
2010-11-19 15:08:40,684 - ResourceManager : found repast/simphony/parameter/parameters.vt with loader org.apache.velocity.runtime.resource.loader.ClasspathResourceLoader
2010-11-19 15:08:52,925 - ResourceManager : found repast/simphony/parameter/parameters.vt with loader org.apache.velocity.runtime.resource.loader.ClasspathResourceLoader
2010-11-19 15:19:48,873 - SimpleLog4JLogSystem initialized using logfile 'velocity.log'
2010-11-19 15:19:48,890 - ************************************************************** 
2010-11-19 15:19:48,890 - Starting Jakarta Velocity v1.4
2010-11-19 15:19:48,890 - RuntimeInstance initializing.
2010-11-19 15:19:48,890 - Default Properties File: org/apache/velocity/runtime/defaults/velocity.properties
2010-11-19 15:19:48,890 - Trying to use logger class org.apache.velocity.runtime.log.SimpleLog4JLogSystem
2010-11-19 15:19:48,890 - Using logger class org.apache.velocity.runtime.log.SimpleLog4JLogSystem
2010-11-19 15:19:48,895 - Default ResourceManager initializing. (class org.apache.velocity.runtime.resource.ResourceManagerImpl)
2010-11-19 15:19:48,900 - Resource Loader Instantiated: org.apache.velocity.runtime.resource.loader.ClasspathResourceLoader
2010-11-19 15:19:48,900 - ClasspathResourceLoader : initialization starting.
2010-11-19 15:19:48,900 - ClasspathResourceLoader : initialization complete.
2010-11-19 15:19:48,903 - ResourceCache : initialized. (class org.apache.velocity.runtime.resource.ResourceCacheImpl)
2010-11-19 15:19:48,904 - Default ResourceManager initialization complete.
2010-11-19 15:19:48,906 - Loaded System Directive: org.apache.velocity.runtime.directive.Literal
2010-11-19 15:19:48,910 - Loaded System Directive: org.apache.velocity.runtime.directive.Macro
2010-11-19 15:19:48,914 - Loaded System Directive: org.apache.velocity.runtime.directive.Parse
2010-11-19 15:19:48,917 - Loaded System Directive: org.apache.velocity.runtime.directive.Include
2010-11-19 15:19:48,919 - Loaded System Directive: org.apache.velocity.runtime.directive.Foreach
2010-11-19 15:19:48,965 - Created: 20 parsers.
2010-11-19 15:19:48,979 - Velocimacro : initialization starting.
2010-11-19 15:19:48,979 - Velocimacro : adding VMs from VM library template : VM_global_library.vm
2010-11-19 15:19:48,985 - ResourceManager : unable to find resource 'VM_global_library.vm' in any resource loader.
2010-11-19 15:19:48,985 - Velocimacro : error using  VM library template VM_global_library.vm : org.apache.velocity.exception.ResourceNotFoundException: Unable to find resource 'VM_global_library.vm'
2010-11-19 15:19:48,985 - Velocimacro :  VM library template macro registration complete.
2010-11-19 15:19:48,985 - Velocimacro : allowInline = true : VMs can be defined inline in templates
2010-11-19 15:19:48,985 - Velocimacro : allowInlineToOverride = false : VMs defined inline may NOT replace previous VM definitions
2010-11-19 15:19:48,985 - Velocimacro : allowInlineLocal = false : VMs defined inline will be  global in scope if allowed.
2010-11-19 15:19:48,985 - Velocimacro : messages on  : VM system will output logging messages
2010-11-19 15:19:48,985 - Velocimacro : autoload off  : VM system will not automatically reload global library macros
2010-11-19 15:19:48,985 - Velocimacro : initialization complete.
2010-11-19 15:19:48,985 - Velocity successfully started.
2010-11-19 15:35:10,836 - SimpleLog4JLogSystem initialized using logfile 'velocity.log'
2010-11-19 15:35:10,836 - ************************************************************** 
2010-11-19 15:35:10,836 - Starting Jakarta Velocity v1.4
2010-11-19 15:35:10,836 - RuntimeInstance initializing.
2010-11-19 15:35:10,836 - Default Properties File: org/apache/velocity/runtime/defaults/velocity.properties
2010-11-19 15:35:10,837 - Trying to use logger class org.apache.velocity.runtime.log.SimpleLog4JLogSystem
2010-11-19 15:35:10,837 - Using logger class org.apache.velocity.runtime.log.SimpleLog4JLogSystem
2010-11-19 15:35:10,842 - Default ResourceManager initializing. (class org.apache.velocity.runtime.resource.ResourceManagerImpl)
2010-11-19 15:35:10,847 - Resource Loader Instantiated: org.apache.velocity.runtime.resource.loader.ClasspathResourceLoader
2010-11-19 15:35:10,847 - ClasspathResourceLoader : initialization starting.
2010-11-19 15:35:10,847 - ClasspathResourceLoader : initialization complete.
2010-11-19 15:35:10,850 - ResourceCache : initialized. (class org.apache.velocity.runtime.resource.ResourceCacheImpl)
2010-11-19 15:35:10,850 - Default ResourceManager initialization complete.
2010-11-19 15:35:10,853 - Loaded System Directive: org.apache.velocity.runtime.directive.Literal
2010-11-19 15:35:10,856 - Loaded System Directive: org.apache.velocity.runtime.directive.Macro
2010-11-19 15:35:10,861 - Loaded System Directive: org.apache.velocity.runtime.directive.Parse
2010-11-19 15:35:10,864 - Loaded System Directive: org.apache.velocity.runtime.directive.Include
2010-11-19 15:35:10,866 - Loaded System Directive: org.apache.velocity.runtime.directive.Foreach
2010-11-19 15:35:10,909 - Created: 20 parsers.
2010-11-19 15:35:10,923 - Velocimacro : initialization starting.
2010-11-19 15:35:10,923 - Velocimacro : adding VMs from VM library template : VM_global_library.vm
2010-11-19 15:35:10,929 - ResourceManager : unable to find resource 'VM_global_library.vm' in any resource loader.
2010-11-19 15:35:10,929 - Velocimacro : error using  VM library template VM_global_library.vm : org.apache.velocity.exception.ResourceNotFoundException: Unable to find resource 'VM_global_library.vm'
2010-11-19 15:35:10,929 - Velocimacro :  VM library template macro registration complete.
2010-11-19 15:35:10,929 - Velocimacro : allowInline = true : VMs can be defined inline in templates
2010-11-19 15:35:10,929 - Velocimacro : allowInlineToOverride = false : VMs defined inline may NOT replace previous VM definitions
2010-11-19 15:35:10,929 - Velocimacro : allowInlineLocal = false : VMs defined inline will be  global in scope if allowed.
2010-11-19 15:35:10,929 - Velocimacro : messages on  : VM system will output logging messages
2010-11-19 15:35:10,929 - Velocimacro : autoload off  : VM system will not automatically reload global library macros
2010-11-19 15:35:10,929 - Velocimacro : initialization complete.
2010-11-19 15:35:10,929 - Velocity successfully started.
2010-11-19 15:37:55,930 - SimpleLog4JLogSystem initialized using logfile 'velocity.log'
2010-11-19 15:37:55,931 - ************************************************************** 
2010-11-19 15:37:55,931 - Starting Jakarta Velocity v1.4
2010-11-19 15:37:55,931 - RuntimeInstance initializing.
2010-11-19 15:37:55,931 - Default Properties File: org/apache/velocity/runtime/defaults/velocity.properties
2010-11-19 15:37:55,931 - Trying to use logger class org.apache.velocity.runtime.log.SimpleLog4JLogSystem
2010-11-19 15:37:55,931 - Using logger class org.apache.velocity.runtime.log.SimpleLog4JLogSystem
2010-11-19 15:37:55,938 - Default ResourceManager initializing. (class org.apache.velocity.runtime.resource.ResourceManagerImpl)
2010-11-19 15:37:55,944 - Resource Loader Instantiated: org.apache.velocity.runtime.resource.loader.ClasspathResourceLoader
2010-11-19 15:37:55,944 - ClasspathResourceLoader : initialization starting.
2010-11-19 15:37:55,944 - ClasspathResourceLoader : initialization complete.
2010-11-19 15:37:55,948 - ResourceCache : initialized. (class org.apache.velocity.runtime.resource.ResourceCacheImpl)
2010-11-19 15:37:55,948 - Default ResourceManager initialization complete.
2010-11-19 15:37:55,952 - Loaded System Directive: org.apache.velocity.runtime.directive.Literal
2010-11-19 15:37:55,956 - Loaded System Directive: org.apache.velocity.runtime.directive.Macro
2010-11-19 15:37:55,962 - Loaded System Directive: org.apache.velocity.runtime.directive.Parse
2010-11-19 15:37:55,967 - Loaded System Directive: org.apache.velocity.runtime.directive.Include
2010-11-19 15:37:55,969 - Loaded System Directive: org.apache.velocity.runtime.directive.Foreach
2010-11-19 15:37:56,021 - Created: 20 parsers.
2010-11-19 15:37:56,038 - Velocimacro : initialization starting.
2010-11-19 15:37:56,038 - Velocimacro : adding VMs from VM library template : VM_global_library.vm
2010-11-19 15:37:56,045 - ResourceManager : unable to find resource 'VM_global_library.vm' in any resource loader.
2010-11-19 15:37:56,046 - Velocimacro : error using  VM library template VM_global_library.vm : org.apache.velocity.exception.ResourceNotFoundException: Unable to find resource 'VM_global_library.vm'
2010-11-19 15:37:56,046 - Velocimacro :  VM library template macro registration complete.
2010-11-19 15:37:56,046 - Velocimacro : allowInline = true : VMs can be defined inline in templates
2010-11-19 15:37:56,046 - Velocimacro : allowInlineToOverride = false : VMs defined inline may NOT replace previous VM definitions
2010-11-19 15:37:56,046 - Velocimacro : allowInlineLocal = false : VMs defined inline will be  global in scope if allowed.
2010-11-19 15:37:56,046 - Velocimacro : messages on  : VM system will output logging messages
2010-11-19 15:37:56,046 - Velocimacro : autoload off  : VM system will not automatically reload global library macros
2010-11-19 15:37:56,046 - Velocimacro : initialization complete.
2010-11-19 15:37:56,046 - Velocity successfully started.
2010-11-19 16:41:24,267 - SimpleLog4JLogSystem initialized using logfile 'velocity.log'
2010-11-19 16:41:24,268 - ************************************************************** 
2010-11-19 16:41:24,268 - Starting Jakarta Velocity v1.4
2010-11-19 16:41:24,268 - RuntimeInstance initializing.
2010-11-19 16:41:24,268 - Default Properties File: org/apache/velocity/runtime/defaults/velocity.properties
2010-11-19 16:41:24,268 - Trying to use logger class org.apache.velocity.runtime.log.SimpleLog4JLogSystem
2010-11-19 16:41:24,268 - Using logger class org.apache.velocity.runtime.log.SimpleLog4JLogSystem
2010-11-19 16:41:24,273 - Default ResourceManager initializing. (class org.apache.velocity.runtime.resource.ResourceManagerImpl)
2010-11-19 16:41:24,278 - Resource Loader Instantiated: org.apache.velocity.runtime.resource.loader.ClasspathResourceLoader
2010-11-19 16:41:24,278 - ClasspathResourceLoader : initialization starting.
2010-11-19 16:41:24,278 - ClasspathResourceLoader : initialization complete.
2010-11-19 16:41:24,281 - ResourceCache : initialized. (class org.apache.velocity.runtime.resource.ResourceCacheImpl)
2010-11-19 16:41:24,281 - Default ResourceManager initialization complete.
2010-11-19 16:41:24,284 - Loaded System Directive: org.apache.velocity.runtime.directive.Literal
2010-11-19 16:41:24,287 - Loaded System Directive: org.apache.velocity.runtime.directive.Macro
2010-11-19 16:41:24,292 - Loaded System Directive: org.apache.velocity.runtime.directive.Parse
2010-11-19 16:41:24,295 - Loaded System Directive: org.apache.velocity.runtime.directive.Include
2010-11-19 16:41:24,297 - Loaded System Directive: org.apache.velocity.runtime.directive.Foreach
2010-11-19 16:41:24,339 - Created: 20 parsers.
2010-11-19 16:41:24,353 - Velocimacro : initialization starting.
2010-11-19 16:41:24,353 - Velocimacro : adding VMs from VM library template : VM_global_library.vm
2010-11-19 16:41:24,359 - ResourceManager : unable to find resource 'VM_global_library.vm' in any resource loader.
2010-11-19 16:41:24,359 - Velocimacro : error using  VM library template VM_global_library.vm : org.apache.velocity.exception.ResourceNotFoundException: Unable to find resource 'VM_global_library.vm'
2010-11-19 16:41:24,359 - Velocimacro :  VM library template macro registration complete.
2010-11-19 16:41:24,359 - Velocimacro : allowInline = true : VMs can be defined inline in templates
2010-11-19 16:41:24,359 - Velocimacro : allowInlineToOverride = false : VMs defined inline may NOT replace previous VM definitions
2010-11-19 16:41:24,359 - Velocimacro : allowInlineLocal = false : VMs defined inline will be  global in scope if allowed.
2010-11-19 16:41:24,359 - Velocimacro : messages on  : VM system will output logging messages
2010-11-19 16:41:24,359 - Velocimacro : autoload off  : VM system will not automatically reload global library macros
2010-11-19 16:41:24,359 - Velocimacro : initialization complete.
2010-11-19 16:41:24,360 - Velocity successfully started.
2010-11-19 16:43:02,445 - SimpleLog4JLogSystem initialized using logfile 'velocity.log'
2010-11-19 16:43:02,446 - ************************************************************** 
2010-11-19 16:43:02,446 - Starting Jakarta Velocity v1.4
2010-11-19 16:43:02,446 - RuntimeInstance initializing.
2010-11-19 16:43:02,446 - Default Properties File: org/apache/velocity/runtime/defaults/velocity.properties
2010-11-19 16:43:02,446 - Trying to use logger class org.apache.velocity.runtime.log.SimpleLog4JLogSystem
2010-11-19 16:43:02,446 - Using logger class org.apache.velocity.runtime.log.SimpleLog4JLogSystem
2010-11-19 16:43:02,452 - Default ResourceManager initializing. (class org.apache.velocity.runtime.resource.ResourceManagerImpl)
2010-11-19 16:43:02,457 - Resource Loader Instantiated: org.apache.velocity.runtime.resource.loader.ClasspathResourceLoader
2010-11-19 16:43:02,457 - ClasspathResourceLoader : initialization starting.
2010-11-19 16:43:02,457 - ClasspathResourceLoader : initialization complete.
2010-11-19 16:43:02,461 - ResourceCache : initialized. (class org.apache.velocity.runtime.resource.ResourceCacheImpl)
2010-11-19 16:43:02,461 - Default ResourceManager initialization complete.
2010-11-19 16:43:02,464 - Loaded System Directive: org.apache.velocity.runtime.directive.Literal
2010-11-19 16:43:02,467 - Loaded System Directive: org.apache.velocity.runtime.directive.Macro
2010-11-19 16:43:02,472 - Loaded System Directive: org.apache.velocity.runtime.directive.Parse
2010-11-19 16:43:02,475 - Loaded System Directive: org.apache.velocity.runtime.directive.Include
2010-11-19 16:43:02,476 - Loaded System Directive: org.apache.velocity.runtime.directive.Foreach
2010-11-19 16:43:02,519 - Created: 20 parsers.
2010-11-19 16:43:02,533 - Velocimacro : initialization starting.
2010-11-19 16:43:02,534 - Velocimacro : adding VMs from VM library template : VM_global_library.vm
2010-11-19 16:43:02,539 - ResourceManager : unable to find resource 'VM_global_library.vm' in any resource loader.
2010-11-19 16:43:02,539 - Velocimacro : error using  VM library template VM_global_library.vm : org.apache.velocity.exception.ResourceNotFoundException: Unable to find resource 'VM_global_library.vm'
2010-11-19 16:43:02,539 - Velocimacro :  VM library template macro registration complete.
2010-11-19 16:43:02,539 - Velocimacro : allowInline = true : VMs can be defined inline in templates
2010-11-19 16:43:02,539 - Velocimacro : allowInlineToOverride = false : VMs defined inline may NOT replace previous VM definitions
2010-11-19 16:43:02,539 - Velocimacro : allowInlineLocal = false : VMs defined inline will be  global in scope if allowed.
2010-11-19 16:43:02,539 - Velocimacro : messages on  : VM system will output logging messages
2010-11-19 16:43:02,540 - Velocimacro : autoload off  : VM system will not automatically reload global library macros
2010-11-19 16:43:02,540 - Velocimacro : initialization complete.
2010-11-19 16:43:02,540 - Velocity successfully started.
2010-11-22 14:12:51,796 - SimpleLog4JLogSystem initialized using logfile 'velocity.log'
2010-11-22 14:12:51,812 - ************************************************************** 
2010-11-22 14:12:51,812 - Starting Jakarta Velocity v1.4
2010-11-22 14:12:51,812 - RuntimeInstance initializing.
2010-11-22 14:12:51,812 - Default Properties File: org/apache/velocity/runtime/defaults/velocity.properties
2010-11-22 14:12:51,812 - Trying to use logger class org.apache.velocity.runtime.log.SimpleLog4JLogSystem
2010-11-22 14:12:51,812 - Using logger class org.apache.velocity.runtime.log.SimpleLog4JLogSystem
2010-11-22 14:12:51,818 - Default ResourceManager initializing. (class org.apache.velocity.runtime.resource.ResourceManagerImpl)
2010-11-22 14:12:51,823 - Resource Loader Instantiated: org.apache.velocity.runtime.resource.loader.ClasspathResourceLoader
2010-11-22 14:12:51,823 - ClasspathResourceLoader : initialization starting.
2010-11-22 14:12:51,823 - ClasspathResourceLoader : initialization complete.
2010-11-22 14:12:51,826 - ResourceCache : initialized. (class org.apache.velocity.runtime.resource.ResourceCacheImpl)
2010-11-22 14:12:51,826 - Default ResourceManager initialization complete.
2010-11-22 14:12:51,830 - Loaded System Directive: org.apache.velocity.runtime.directive.Literal
2010-11-22 14:12:51,833 - Loaded System Directive: org.apache.velocity.runtime.directive.Macro
2010-11-22 14:12:51,838 - Loaded System Directive: org.apache.velocity.runtime.directive.Parse
2010-11-22 14:12:51,841 - Loaded System Directive: org.apache.velocity.runtime.directive.Include
2010-11-22 14:12:51,843 - Loaded System Directive: org.apache.velocity.runtime.directive.Foreach
2010-11-22 14:12:51,888 - Created: 20 parsers.
2010-11-22 14:12:51,903 - Velocimacro : initialization starting.
2010-11-22 14:12:51,903 - Velocimacro : adding VMs from VM library template : VM_global_library.vm
2010-11-22 14:12:51,909 - ResourceManager : unable to find resource 'VM_global_library.vm' in any resource loader.
2010-11-22 14:12:51,909 - Velocimacro : error using  VM library template VM_global_library.vm : org.apache.velocity.exception.ResourceNotFoundException: Unable to find resource 'VM_global_library.vm'
2010-11-22 14:12:51,909 - Velocimacro :  VM library template macro registration complete.
2010-11-22 14:12:51,909 - Velocimacro : allowInline = true : VMs can be defined inline in templates
2010-11-22 14:12:51,909 - Velocimacro : allowInlineToOverride = false : VMs defined inline may NOT replace previous VM definitions
2010-11-22 14:12:51,909 - Velocimacro : allowInlineLocal = false : VMs defined inline will be  global in scope if allowed.
2010-11-22 14:12:51,909 - Velocimacro : messages on  : VM system will output logging messages
2010-11-22 14:12:51,909 - Velocimacro : autoload off  : VM system will not automatically reload global library macros
2010-11-22 14:12:51,909 - Velocimacro : initialization complete.
2010-11-22 14:12:51,909 - Velocity successfully started.
2010-11-22 14:31:20,250 - SimpleLog4JLogSystem initialized using logfile 'velocity.log'
2010-11-22 14:31:20,250 - ************************************************************** 
2010-11-22 14:31:20,250 - Starting Jakarta Velocity v1.4
2010-11-22 14:31:20,250 - RuntimeInstance initializing.
2010-11-22 14:31:20,250 - Default Properties File: org/apache/velocity/runtime/defaults/velocity.properties
2010-11-22 14:31:20,250 - Trying to use logger class org.apache.velocity.runtime.log.SimpleLog4JLogSystem
2010-11-22 14:31:20,250 - Using logger class org.apache.velocity.runtime.log.SimpleLog4JLogSystem
2010-11-22 14:31:20,257 - Default ResourceManager initializing. (class org.apache.velocity.runtime.resource.ResourceManagerImpl)
2010-11-22 14:31:20,263 - Resource Loader Instantiated: org.apache.velocity.runtime.resource.loader.ClasspathResourceLoader
2010-11-22 14:31:20,263 - ClasspathResourceLoader : initialization starting.
2010-11-22 14:31:20,263 - ClasspathResourceLoader : initialization complete.
2010-11-22 14:31:20,267 - ResourceCache : initialized. (class org.apache.velocity.runtime.resource.ResourceCacheImpl)
2010-11-22 14:31:20,267 - Default ResourceManager initialization complete.
2010-11-22 14:31:20,270 - Loaded System Directive: org.apache.velocity.runtime.directive.Literal
2010-11-22 14:31:20,273 - Loaded System Directive: org.apache.velocity.runtime.directive.Macro
2010-11-22 14:31:20,278 - Loaded System Directive: org.apache.velocity.runtime.directive.Parse
2010-11-22 14:31:20,282 - Loaded System Directive: org.apache.velocity.runtime.directive.Include
2010-11-22 14:31:20,284 - Loaded System Directive: org.apache.velocity.runtime.directive.Foreach
2010-11-22 14:31:20,331 - Created: 20 parsers.
2010-11-22 14:31:20,346 - Velocimacro : initialization starting.
2010-11-22 14:31:20,346 - Velocimacro : adding VMs from VM library template : VM_global_library.vm
2010-11-22 14:31:20,352 - ResourceManager : unable to find resource 'VM_global_library.vm' in any resource loader.
2010-11-22 14:31:20,353 - Velocimacro : error using  VM library template VM_global_library.vm : org.apache.velocity.exception.ResourceNotFoundException: Unable to find resource 'VM_global_library.vm'
2010-11-22 14:31:20,353 - Velocimacro :  VM library template macro registration complete.
2010-11-22 14:31:20,353 - Velocimacro : allowInline = true : VMs can be defined inline in templates
2010-11-22 14:31:20,353 - Velocimacro : allowInlineToOverride = false : VMs defined inline may NOT replace previous VM definitions
2010-11-22 14:31:20,353 - Velocimacro : allowInlineLocal = false : VMs defined inline will be  global in scope if allowed.
2010-11-22 14:31:20,353 - Velocimacro : messages on  : VM system will output logging messages
2010-11-22 14:31:20,353 - Velocimacro : autoload off  : VM system will not automatically reload global library macros
2010-11-22 14:31:20,353 - Velocimacro : initialization complete.
2010-11-22 14:31:20,353 - Velocity successfully started.
2010-11-22 14:48:11,441 - ResourceManager : found repast/simphony/parameter/parameters.vt with loader org.apache.velocity.runtime.resource.loader.ClasspathResourceLoader
2010-11-22 14:48:22,597 - SimpleLog4JLogSystem initialized using logfile 'velocity.log'
2010-11-22 14:48:22,598 - ************************************************************** 
2010-11-22 14:48:22,598 - Starting Jakarta Velocity v1.4
2010-11-22 14:48:22,598 - RuntimeInstance initializing.
2010-11-22 14:48:22,598 - Default Properties File: org/apache/velocity/runtime/defaults/velocity.properties
2010-11-22 14:48:22,598 - Trying to use logger class org.apache.velocity.runtime.log.SimpleLog4JLogSystem
2010-11-22 14:48:22,598 - Using logger class org.apache.velocity.runtime.log.SimpleLog4JLogSystem
2010-11-22 14:48:22,603 - Default ResourceManager initializing. (class org.apache.velocity.runtime.resource.ResourceManagerImpl)
2010-11-22 14:48:22,608 - Resource Loader Instantiated: org.apache.velocity.runtime.resource.loader.ClasspathResourceLoader
2010-11-22 14:48:22,608 - ClasspathResourceLoader : initialization starting.
2010-11-22 14:48:22,608 - ClasspathResourceLoader : initialization complete.
2010-11-22 14:48:22,611 - ResourceCache : initialized. (class org.apache.velocity.runtime.resource.ResourceCacheImpl)
2010-11-22 14:48:22,611 - Default ResourceManager initialization complete.
2010-11-22 14:48:22,614 - Loaded System Directive: org.apache.velocity.runtime.directive.Literal
2010-11-22 14:48:22,617 - Loaded System Directive: org.apache.velocity.runtime.directive.Macro
2010-11-22 14:48:22,622 - Loaded System Directive: org.apache.velocity.runtime.directive.Parse
2010-11-22 14:48:22,625 - Loaded System Directive: org.apache.velocity.runtime.directive.Include
2010-11-22 14:48:22,627 - Loaded System Directive: org.apache.velocity.runtime.directive.Foreach
2010-11-22 14:48:22,669 - Created: 20 parsers.
2010-11-22 14:48:22,684 - Velocimacro : initialization starting.
2010-11-22 14:48:22,684 - Velocimacro : adding VMs from VM library template : VM_global_library.vm
2010-11-22 14:48:22,689 - ResourceManager : unable to find resource 'VM_global_library.vm' in any resource loader.
2010-11-22 14:48:22,689 - Velocimacro : error using  VM library template VM_global_library.vm : org.apache.velocity.exception.ResourceNotFoundException: Unable to find resource 'VM_global_library.vm'
2010-11-22 14:48:22,690 - Velocimacro :  VM library template macro registration complete.
2010-11-22 14:48:22,690 - Velocimacro : allowInline = true : VMs can be defined inline in templates
2010-11-22 14:48:22,690 - Velocimacro : allowInlineToOverride = false : VMs defined inline may NOT replace previous VM definitions
2010-11-22 14:48:22,690 - Velocimacro : allowInlineLocal = false : VMs defined inline will be  global in scope if allowed.
2010-11-22 14:48:22,690 - Velocimacro : messages on  : VM system will output logging messages
2010-11-22 14:48:22,690 - Velocimacro : autoload off  : VM system will not automatically reload global library macros
2010-11-22 14:48:22,690 - Velocimacro : initialization complete.
2010-11-22 14:48:22,690 - Velocity successfully started.
2010-11-22 14:48:31,366 - ResourceManager : found repast/simphony/parameter/parameters.vt with loader org.apache.velocity.runtime.resource.loader.ClasspathResourceLoader
2010-11-22 14:54:14,644 - SimpleLog4JLogSystem initialized using logfile 'velocity.log'
2010-11-22 14:54:14,644 - ************************************************************** 
2010-11-22 14:54:14,644 - Starting Jakarta Velocity v1.4
2010-11-22 14:54:14,644 - RuntimeInstance initializing.
2010-11-22 14:54:14,644 - Default Properties File: org/apache/velocity/runtime/defaults/velocity.properties
2010-11-22 14:54:14,645 - Trying to use logger class org.apache.velocity.runtime.log.SimpleLog4JLogSystem
2010-11-22 14:54:14,645 - Using logger class org.apache.velocity.runtime.log.SimpleLog4JLogSystem
2010-11-22 14:54:14,651 - Default ResourceManager initializing. (class org.apache.velocity.runtime.resource.ResourceManagerImpl)
2010-11-22 14:54:14,656 - Resource Loader Instantiated: org.apache.velocity.runtime.resource.loader.ClasspathResourceLoader
2010-11-22 14:54:14,656 - ClasspathResourceLoader : initialization starting.
2010-11-22 14:54:14,656 - ClasspathResourceLoader : initialization complete.
2010-11-22 14:54:14,659 - ResourceCache : initialized. (class org.apache.velocity.runtime.resource.ResourceCacheImpl)
2010-11-22 14:54:14,660 - Default ResourceManager initialization complete.
2010-11-22 14:54:14,663 - Loaded System Directive: org.apache.velocity.runtime.directive.Literal
2010-11-22 14:54:14,666 - Loaded System Directive: org.apache.velocity.runtime.directive.Macro
2010-11-22 14:54:14,671 - Loaded System Directive: org.apache.velocity.runtime.directive.Parse
2010-11-22 14:54:14,674 - Loaded System Directive: org.apache.velocity.runtime.directive.Include
2010-11-22 14:54:14,676 - Loaded System Directive: org.apache.velocity.runtime.directive.Foreach
2010-11-22 14:54:14,721 - Created: 20 parsers.
2010-11-22 14:54:14,736 - Velocimacro : initialization starting.
2010-11-22 14:54:14,736 - Velocimacro : adding VMs from VM library template : VM_global_library.vm
2010-11-22 14:54:14,742 - ResourceManager : unable to find resource 'VM_global_library.vm' in any resource loader.
2010-11-22 14:54:14,742 - Velocimacro : error using  VM library template VM_global_library.vm : org.apache.velocity.exception.ResourceNotFoundException: Unable to find resource 'VM_global_library.vm'
2010-11-22 14:54:14,742 - Velocimacro :  VM library template macro registration complete.
2010-11-22 14:54:14,742 - Velocimacro : allowInline = true : VMs can be defined inline in templates
2010-11-22 14:54:14,742 - Velocimacro : allowInlineToOverride = false : VMs defined inline may NOT replace previous VM definitions
2010-11-22 14:54:14,742 - Velocimacro : allowInlineLocal = false : VMs defined inline will be  global in scope if allowed.
2010-11-22 14:54:14,742 - Velocimacro : messages on  : VM system will output logging messages
2010-11-22 14:54:14,742 - Velocimacro : autoload off  : VM system will not automatically reload global library macros
2010-11-22 14:54:14,742 - Velocimacro : initialization complete.
2010-11-22 14:54:14,742 - Velocity successfully started.
2010-11-22 14:54:32,451 - ResourceManager : found repast/simphony/parameter/parameters.vt with loader org.apache.velocity.runtime.resource.loader.ClasspathResourceLoader
2010-11-22 14:54:59,748 - ResourceManager : found repast/simphony/parameter/parameters.vt with loader org.apache.velocity.runtime.resource.loader.ClasspathResourceLoader
2010-11-22 14:55:08,547 - ResourceManager : found repast/simphony/parameter/parameters.vt with loader org.apache.velocity.runtime.resource.loader.ClasspathResourceLoader
2010-11-22 15:04:48,795 - SimpleLog4JLogSystem initialized using logfile 'velocity.log'
2010-11-22 15:04:48,796 - ************************************************************** 
2010-11-22 15:04:48,796 - Starting Jakarta Velocity v1.4
2010-11-22 15:04:48,796 - RuntimeInstance initializing.
2010-11-22 15:04:48,796 - Default Properties File: org/apache/velocity/runtime/defaults/velocity.properties
2010-11-22 15:04:48,796 - Trying to use logger class org.apache.velocity.runtime.log.SimpleLog4JLogSystem
2010-11-22 15:04:48,796 - Using logger class org.apache.velocity.runtime.log.SimpleLog4JLogSystem
2010-11-22 15:04:48,801 - Default ResourceManager initializing. (class org.apache.velocity.runtime.resource.ResourceManagerImpl)
2010-11-22 15:04:48,807 - Resource Loader Instantiated: org.apache.velocity.runtime.resource.loader.ClasspathResourceLoader
2010-11-22 15:04:48,807 - ClasspathResourceLoader : initialization starting.
2010-11-22 15:04:48,807 - ClasspathResourceLoader : initialization complete.
2010-11-22 15:04:48,811 - ResourceCache : initialized. (class org.apache.velocity.runtime.resource.ResourceCacheImpl)
2010-11-22 15:04:48,811 - Default ResourceManager initialization complete.
2010-11-22 15:04:48,814 - Loaded System Directive: org.apache.velocity.runtime.directive.Literal
2010-11-22 15:04:48,817 - Loaded System Directive: org.apache.velocity.runtime.directive.Macro
2010-11-22 15:04:48,822 - Loaded System Directive: org.apache.velocity.runtime.directive.Parse
2010-11-22 15:04:48,825 - Loaded System Directive: org.apache.velocity.runtime.directive.Include
2010-11-22 15:04:48,827 - Loaded System Directive: org.apache.velocity.runtime.directive.Foreach
2010-11-22 15:04:48,871 - Created: 20 parsers.
2010-11-22 15:04:48,885 - Velocimacro : initialization starting.
2010-11-22 15:04:48,885 - Velocimacro : adding VMs from VM library template : VM_global_library.vm
2010-11-22 15:04:48,891 - ResourceManager : unable to find resource 'VM_global_library.vm' in any resource loader.
2010-11-22 15:04:48,891 - Velocimacro : error using  VM library template VM_global_library.vm : org.apache.velocity.exception.ResourceNotFoundException: Unable to find resource 'VM_global_library.vm'
2010-11-22 15:04:48,891 - Velocimacro :  VM library template macro registration complete.
2010-11-22 15:04:48,891 - Velocimacro : allowInline = true : VMs can be defined inline in templates
2010-11-22 15:04:48,891 - Velocimacro : allowInlineToOverride = false : VMs defined inline may NOT replace previous VM definitions
2010-11-22 15:04:48,891 - Velocimacro : allowInlineLocal = false : VMs defined inline will be  global in scope if allowed.
2010-11-22 15:04:48,891 - Velocimacro : messages on  : VM system will output logging messages
2010-11-22 15:04:48,891 - Velocimacro : autoload off  : VM system will not automatically reload global library macros
2010-11-22 15:04:48,891 - Velocimacro : initialization complete.
2010-11-22 15:04:48,891 - Velocity successfully started.
2010-11-22 15:05:07,127 - ResourceManager : found repast/simphony/parameter/parameters.vt with loader org.apache.velocity.runtime.resource.loader.ClasspathResourceLoader
2010-11-22 15:06:29,620 - ResourceManager : found repast/simphony/parameter/parameters.vt with loader org.apache.velocity.runtime.resource.loader.ClasspathResourceLoader
2010-11-22 15:16:56,997 - SimpleLog4JLogSystem initialized using logfile 'velocity.log'
2010-11-22 15:16:56,997 - ************************************************************** 
2010-11-22 15:16:56,997 - Starting Jakarta Velocity v1.4
2010-11-22 15:16:56,997 - RuntimeInstance initializing.
2010-11-22 15:16:56,997 - Default Properties File: org/apache/velocity/runtime/defaults/velocity.properties
2010-11-22 15:16:56,997 - Trying to use logger class org.apache.velocity.runtime.log.SimpleLog4JLogSystem
2010-11-22 15:16:56,997 - Using logger class org.apache.velocity.runtime.log.SimpleLog4JLogSystem
2010-11-22 15:16:57,002 - Default ResourceManager initializing. (class org.apache.velocity.runtime.resource.ResourceManagerImpl)
2010-11-22 15:16:57,007 - Resource Loader Instantiated: org.apache.velocity.runtime.resource.loader.ClasspathResourceLoader
2010-11-22 15:16:57,008 - ClasspathResourceLoader : initialization starting.
2010-11-22 15:16:57,008 - ClasspathResourceLoader : initialization complete.
2010-11-22 15:16:57,011 - ResourceCache : initialized. (class org.apache.velocity.runtime.resource.ResourceCacheImpl)
2010-11-22 15:16:57,011 - Default ResourceManager initialization complete.
2010-11-22 15:16:57,014 - Loaded System Directive: org.apache.velocity.runtime.directive.Literal
2010-11-22 15:16:57,017 - Loaded System Directive: org.apache.velocity.runtime.directive.Macro
2010-11-22 15:16:57,022 - Loaded System Directive: org.apache.velocity.runtime.directive.Parse
2010-11-22 15:16:57,025 - Loaded System Directive: org.apache.velocity.runtime.directive.Include
2010-11-22 15:16:57,027 - Loaded System Directive: org.apache.velocity.runtime.directive.Foreach
2010-11-22 15:16:57,071 - Created: 20 parsers.
2010-11-22 15:16:57,085 - Velocimacro : initialization starting.
2010-11-22 15:16:57,086 - Velocimacro : adding VMs from VM library template : VM_global_library.vm
2010-11-22 15:16:57,091 - ResourceManager : unable to find resource 'VM_global_library.vm' in any resource loader.
2010-11-22 15:16:57,091 - Velocimacro : error using  VM library template VM_global_library.vm : org.apache.velocity.exception.ResourceNotFoundException: Unable to find resource 'VM_global_library.vm'
2010-11-22 15:16:57,091 - Velocimacro :  VM library template macro registration complete.
2010-11-22 15:16:57,092 - Velocimacro : allowInline = true : VMs can be defined inline in templates
2010-11-22 15:16:57,092 - Velocimacro : allowInlineToOverride = false : VMs defined inline may NOT replace previous VM definitions
2010-11-22 15:16:57,092 - Velocimacro : allowInlineLocal = false : VMs defined inline will be  global in scope if allowed.
2010-11-22 15:16:57,092 - Velocimacro : messages on  : VM system will output logging messages
2010-11-22 15:16:57,092 - Velocimacro : autoload off  : VM system will not automatically reload global library macros
2010-11-22 15:16:57,092 - Velocimacro : initialization complete.
2010-11-22 15:16:57,092 - Velocity successfully started.
2010-11-22 15:32:48,737 - SimpleLog4JLogSystem initialized using logfile 'velocity.log'
2010-11-22 15:32:48,738 - ************************************************************** 
2010-11-22 15:32:48,738 - Starting Jakarta Velocity v1.4
2010-11-22 15:32:48,738 - RuntimeInstance initializing.
2010-11-22 15:32:48,738 - Default Properties File: org/apache/velocity/runtime/defaults/velocity.properties
2010-11-22 15:32:48,738 - Trying to use logger class org.apache.velocity.runtime.log.SimpleLog4JLogSystem
2010-11-22 15:32:48,738 - Using logger class org.apache.velocity.runtime.log.SimpleLog4JLogSystem
2010-11-22 15:32:48,743 - Default ResourceManager initializing. (class org.apache.velocity.runtime.resource.ResourceManagerImpl)
2010-11-22 15:32:48,748 - Resource Loader Instantiated: org.apache.velocity.runtime.resource.loader.ClasspathResourceLoader
2010-11-22 15:32:48,748 - ClasspathResourceLoader : initialization starting.
2010-11-22 15:32:48,748 - ClasspathResourceLoader : initialization complete.
2010-11-22 15:32:48,751 - ResourceCache : initialized. (class org.apache.velocity.runtime.resource.ResourceCacheImpl)
2010-11-22 15:32:48,751 - Default ResourceManager initialization complete.
2010-11-22 15:32:48,755 - Loaded System Directive: org.apache.velocity.runtime.directive.Literal
2010-11-22 15:32:48,758 - Loaded System Directive: org.apache.velocity.runtime.directive.Macro
2010-11-22 15:32:48,762 - Loaded System Directive: org.apache.velocity.runtime.directive.Parse
2010-11-22 15:32:48,765 - Loaded System Directive: org.apache.velocity.runtime.directive.Include
2010-11-22 15:32:48,767 - Loaded System Directive: org.apache.velocity.runtime.directive.Foreach
2010-11-22 15:32:48,809 - Created: 20 parsers.
2010-11-22 15:32:48,824 - Velocimacro : initialization starting.
2010-11-22 15:32:48,824 - Velocimacro : adding VMs from VM library template : VM_global_library.vm
2010-11-22 15:32:48,830 - ResourceManager : unable to find resource 'VM_global_library.vm' in any resource loader.
2010-11-22 15:32:48,830 - Velocimacro : error using  VM library template VM_global_library.vm : org.apache.velocity.exception.ResourceNotFoundException: Unable to find resource 'VM_global_library.vm'
2010-11-22 15:32:48,830 - Velocimacro :  VM library template macro registration complete.
2010-11-22 15:32:48,830 - Velocimacro : allowInline = true : VMs can be defined inline in templates
2010-11-22 15:32:48,830 - Velocimacro : allowInlineToOverride = false : VMs defined inline may NOT replace previous VM definitions
2010-11-22 15:32:48,830 - Velocimacro : allowInlineLocal = false : VMs defined inline will be  global in scope if allowed.
2010-11-22 15:32:48,830 - Velocimacro : messages on  : VM system will output logging messages
2010-11-22 15:32:48,830 - Velocimacro : autoload off  : VM system will not automatically reload global library macros
2010-11-22 15:32:48,830 - Velocimacro : initialization complete.
2010-11-22 15:32:48,830 - Velocity successfully started.
2010-11-22 15:48:28,397 - SimpleLog4JLogSystem initialized using logfile 'velocity.log'
2010-11-22 15:48:28,398 - ************************************************************** 
2010-11-22 15:48:28,398 - Starting Jakarta Velocity v1.4
2010-11-22 15:48:28,398 - RuntimeInstance initializing.
2010-11-22 15:48:28,398 - Default Properties File: org/apache/velocity/runtime/defaults/velocity.properties
2010-11-22 15:48:28,398 - Trying to use logger class org.apache.velocity.runtime.log.SimpleLog4JLogSystem
2010-11-22 15:48:28,398 - Using logger class org.apache.velocity.runtime.log.SimpleLog4JLogSystem
2010-11-22 15:48:28,404 - Default ResourceManager initializing. (class org.apache.velocity.runtime.resource.ResourceManagerImpl)
2010-11-22 15:48:28,409 - Resource Loader Instantiated: org.apache.velocity.runtime.resource.loader.ClasspathResourceLoader
2010-11-22 15:48:28,409 - ClasspathResourceLoader : initialization starting.
2010-11-22 15:48:28,409 - ClasspathResourceLoader : initialization complete.
2010-11-22 15:48:28,412 - ResourceCache : initialized. (class org.apache.velocity.runtime.resource.ResourceCacheImpl)
2010-11-22 15:48:28,412 - Default ResourceManager initialization complete.
2010-11-22 15:48:28,416 - Loaded System Directive: org.apache.velocity.runtime.directive.Literal
2010-11-22 15:48:28,419 - Loaded System Directive: org.apache.velocity.runtime.directive.Macro
2010-11-22 15:48:28,424 - Loaded System Directive: org.apache.velocity.runtime.directive.Parse
2010-11-22 15:48:28,428 - Loaded System Directive: org.apache.velocity.runtime.directive.Include
2010-11-22 15:48:28,430 - Loaded System Directive: org.apache.velocity.runtime.directive.Foreach
2010-11-22 15:48:28,476 - Created: 20 parsers.
2010-11-22 15:48:28,492 - Velocimacro : initialization starting.
2010-11-22 15:48:28,492 - Velocimacro : adding VMs from VM library template : VM_global_library.vm
2010-11-22 15:48:28,498 - ResourceManager : unable to find resource 'VM_global_library.vm' in any resource loader.
2010-11-22 15:48:28,498 - Velocimacro : error using  VM library template VM_global_library.vm : org.apache.velocity.exception.ResourceNotFoundException: Unable to find resource 'VM_global_library.vm'
2010-11-22 15:48:28,498 - Velocimacro :  VM library template macro registration complete.
2010-11-22 15:48:28,498 - Velocimacro : allowInline = true : VMs can be defined inline in templates
2010-11-22 15:48:28,498 - Velocimacro : allowInlineToOverride = false : VMs defined inline may NOT replace previous VM definitions
2010-11-22 15:48:28,498 - Velocimacro : allowInlineLocal = false : VMs defined inline will be  global in scope if allowed.
2010-11-22 15:48:28,499 - Velocimacro : messages on  : VM system will output logging messages
2010-11-22 15:48:28,499 - Velocimacro : autoload off  : VM system will not automatically reload global library macros
2010-11-22 15:48:28,499 - Velocimacro : initialization complete.
2010-11-22 15:48:28,499 - Velocity successfully started.
2010-11-22 16:17:28,087 - SimpleLog4JLogSystem initialized using logfile 'velocity.log'
2010-11-22 16:17:28,100 - ************************************************************** 
2010-11-22 16:17:28,100 - Starting Jakarta Velocity v1.4
2010-11-22 16:17:28,100 - RuntimeInstance initializing.
2010-11-22 16:17:28,100 - Default Properties File: org/apache/velocity/runtime/defaults/velocity.properties
2010-11-22 16:17:28,100 - Trying to use logger class org.apache.velocity.runtime.log.SimpleLog4JLogSystem
2010-11-22 16:17:28,100 - Using logger class org.apache.velocity.runtime.log.SimpleLog4JLogSystem
2010-11-22 16:17:28,107 - Default ResourceManager initializing. (class org.apache.velocity.runtime.resource.ResourceManagerImpl)
2010-11-22 16:17:28,113 - Resource Loader Instantiated: org.apache.velocity.runtime.resource.loader.ClasspathResourceLoader
2010-11-22 16:17:28,113 - ClasspathResourceLoader : initialization starting.
2010-11-22 16:17:28,113 - ClasspathResourceLoader : initialization complete.
2010-11-22 16:17:28,117 - ResourceCache : initialized. (class org.apache.velocity.runtime.resource.ResourceCacheImpl)
2010-11-22 16:17:28,117 - Default ResourceManager initialization complete.
2010-11-22 16:17:28,122 - Loaded System Directive: org.apache.velocity.runtime.directive.Literal
2010-11-22 16:17:28,125 - Loaded System Directive: org.apache.velocity.runtime.directive.Macro
2010-11-22 16:17:28,131 - Loaded System Directive: org.apache.velocity.runtime.directive.Parse
2010-11-22 16:17:28,134 - Loaded System Directive: org.apache.velocity.runtime.directive.Include
2010-11-22 16:17:28,136 - Loaded System Directive: org.apache.velocity.runtime.directive.Foreach
2010-11-22 16:17:28,189 - Created: 20 parsers.
2010-11-22 16:17:28,204 - Velocimacro : initialization starting.
2010-11-22 16:17:28,204 - Velocimacro : adding VMs from VM library template : VM_global_library.vm
2010-11-22 16:17:28,209 - ResourceManager : unable to find resource 'VM_global_library.vm' in any resource loader.
2010-11-22 16:17:28,209 - Velocimacro : error using  VM library template VM_global_library.vm : org.apache.velocity.exception.ResourceNotFoundException: Unable to find resource 'VM_global_library.vm'
2010-11-22 16:17:28,210 - Velocimacro :  VM library template macro registration complete.
2010-11-22 16:17:28,210 - Velocimacro : allowInline = true : VMs can be defined inline in templates
2010-11-22 16:17:28,210 - Velocimacro : allowInlineToOverride = false : VMs defined inline may NOT replace previous VM definitions
2010-11-22 16:17:28,210 - Velocimacro : allowInlineLocal = false : VMs defined inline will be  global in scope if allowed.
2010-11-22 16:17:28,210 - Velocimacro : messages on  : VM system will output logging messages
2010-11-22 16:17:28,210 - Velocimacro : autoload off  : VM system will not automatically reload global library macros
2010-11-22 16:17:28,210 - Velocimacro : initialization complete.
2010-11-22 16:17:28,210 - Velocity successfully started.
2010-11-22 16:22:33,563 - SimpleLog4JLogSystem initialized using logfile 'velocity.log'
2010-11-22 16:22:33,564 - ************************************************************** 
2010-11-22 16:22:33,564 - Starting Jakarta Velocity v1.4
2010-11-22 16:22:33,564 - RuntimeInstance initializing.
2010-11-22 16:22:33,564 - Default Properties File: org/apache/velocity/runtime/defaults/velocity.properties
2010-11-22 16:22:33,564 - Trying to use logger class org.apache.velocity.runtime.log.SimpleLog4JLogSystem
2010-11-22 16:22:33,564 - Using logger class org.apache.velocity.runtime.log.SimpleLog4JLogSystem
2010-11-22 16:22:33,569 - Default ResourceManager initializing. (class org.apache.velocity.runtime.resource.ResourceManagerImpl)
2010-11-22 16:22:33,574 - Resource Loader Instantiated: org.apache.velocity.runtime.resource.loader.ClasspathResourceLoader
2010-11-22 16:22:33,574 - ClasspathResourceLoader : initialization starting.
2010-11-22 16:22:33,574 - ClasspathResourceLoader : initialization complete.
2010-11-22 16:22:33,577 - ResourceCache : initialized. (class org.apache.velocity.runtime.resource.ResourceCacheImpl)
2010-11-22 16:22:33,578 - Default ResourceManager initialization complete.
2010-11-22 16:22:33,581 - Loaded System Directive: org.apache.velocity.runtime.directive.Literal
2010-11-22 16:22:33,584 - Loaded System Directive: org.apache.velocity.runtime.directive.Macro
2010-11-22 16:22:33,588 - Loaded System Directive: org.apache.velocity.runtime.directive.Parse
2010-11-22 16:22:33,591 - Loaded System Directive: org.apache.velocity.runtime.directive.Include
2010-11-22 16:22:33,593 - Loaded System Directive: org.apache.velocity.runtime.directive.Foreach
2010-11-22 16:22:33,636 - Created: 20 parsers.
2010-11-22 16:22:33,650 - Velocimacro : initialization starting.
2010-11-22 16:22:33,650 - Velocimacro : adding VMs from VM library template : VM_global_library.vm
2010-11-22 16:22:33,656 - ResourceManager : unable to find resource 'VM_global_library.vm' in any resource loader.
2010-11-22 16:22:33,656 - Velocimacro : error using  VM library template VM_global_library.vm : org.apache.velocity.exception.ResourceNotFoundException: Unable to find resource 'VM_global_library.vm'
2010-11-22 16:22:33,656 - Velocimacro :  VM library template macro registration complete.
2010-11-22 16:22:33,656 - Velocimacro : allowInline = true : VMs can be defined inline in templates
2010-11-22 16:22:33,656 - Velocimacro : allowInlineToOverride = false : VMs defined inline may NOT replace previous VM definitions
2010-11-22 16:22:33,656 - Velocimacro : allowInlineLocal = false : VMs defined inline will be  global in scope if allowed.
2010-11-22 16:22:33,656 - Velocimacro : messages on  : VM system will output logging messages
2010-11-22 16:22:33,656 - Velocimacro : autoload off  : VM system will not automatically reload global library macros
2010-11-22 16:22:33,656 - Velocimacro : initialization complete.
2010-11-22 16:22:33,656 - Velocity successfully started.
2010-11-22 16:26:42,341 - SimpleLog4JLogSystem initialized using logfile 'velocity.log'
2010-11-22 16:26:42,341 - ************************************************************** 
2010-11-22 16:26:42,341 - Starting Jakarta Velocity v1.4
2010-11-22 16:26:42,341 - RuntimeInstance initializing.
2010-11-22 16:26:42,341 - Default Properties File: org/apache/velocity/runtime/defaults/velocity.properties
2010-11-22 16:26:42,341 - Trying to use logger class org.apache.velocity.runtime.log.SimpleLog4JLogSystem
2010-11-22 16:26:42,341 - Using logger class org.apache.velocity.runtime.log.SimpleLog4JLogSystem
2010-11-22 16:26:42,346 - Default ResourceManager initializing. (class org.apache.velocity.runtime.resource.ResourceManagerImpl)
2010-11-22 16:26:42,351 - Resource Loader Instantiated: org.apache.velocity.runtime.resource.loader.ClasspathResourceLoader
2010-11-22 16:26:42,351 - ClasspathResourceLoader : initialization starting.
2010-11-22 16:26:42,351 - ClasspathResourceLoader : initialization complete.
2010-11-22 16:26:42,355 - ResourceCache : initialized. (class org.apache.velocity.runtime.resource.ResourceCacheImpl)
2010-11-22 16:26:42,355 - Default ResourceManager initialization complete.
2010-11-22 16:26:42,358 - Loaded System Directive: org.apache.velocity.runtime.directive.Literal
2010-11-22 16:26:42,361 - Loaded System Directive: org.apache.velocity.runtime.directive.Macro
2010-11-22 16:26:42,365 - Loaded System Directive: org.apache.velocity.runtime.directive.Parse
2010-11-22 16:26:42,368 - Loaded System Directive: org.apache.velocity.runtime.directive.Include
2010-11-22 16:26:42,370 - Loaded System Directive: org.apache.velocity.runtime.directive.Foreach
2010-11-22 16:26:42,412 - Created: 20 parsers.
2010-11-22 16:26:42,426 - Velocimacro : initialization starting.
2010-11-22 16:26:42,426 - Velocimacro : adding VMs from VM library template : VM_global_library.vm
2010-11-22 16:26:42,432 - ResourceManager : unable to find resource 'VM_global_library.vm' in any resource loader.
2010-11-22 16:26:42,432 - Velocimacro : error using  VM library template VM_global_library.vm : org.apache.velocity.exception.ResourceNotFoundException: Unable to find resource 'VM_global_library.vm'
2010-11-22 16:26:42,432 - Velocimacro :  VM library template macro registration complete.
2010-11-22 16:26:42,432 - Velocimacro : allowInline = true : VMs can be defined inline in templates
2010-11-22 16:26:42,432 - Velocimacro : allowInlineToOverride = false : VMs defined inline may NOT replace previous VM definitions
2010-11-22 16:26:42,432 - Velocimacro : allowInlineLocal = false : VMs defined inline will be  global in scope if allowed.
2010-11-22 16:26:42,432 - Velocimacro : messages on  : VM system will output logging messages
2010-11-22 16:26:42,432 - Velocimacro : autoload off  : VM system will not automatically reload global library macros
2010-11-22 16:26:42,432 - Velocimacro : initialization complete.
2010-11-22 16:26:42,432 - Velocity successfully started.
2010-11-22 16:38:00,770 - SimpleLog4JLogSystem initialized using logfile 'velocity.log'
2010-11-22 16:38:00,786 - ************************************************************** 
2010-11-22 16:38:00,786 - Starting Jakarta Velocity v1.4
2010-11-22 16:38:00,786 - RuntimeInstance initializing.
2010-11-22 16:38:00,786 - Default Properties File: org/apache/velocity/runtime/defaults/velocity.properties
2010-11-22 16:38:00,786 - Trying to use logger class org.apache.velocity.runtime.log.SimpleLog4JLogSystem
2010-11-22 16:38:00,786 - Using logger class org.apache.velocity.runtime.log.SimpleLog4JLogSystem
2010-11-22 16:38:00,793 - Default ResourceManager initializing. (class org.apache.velocity.runtime.resource.ResourceManagerImpl)
2010-11-22 16:38:00,799 - Resource Loader Instantiated: org.apache.velocity.runtime.resource.loader.ClasspathResourceLoader
2010-11-22 16:38:00,815 - ClasspathResourceLoader : initialization starting.
2010-11-22 16:38:00,815 - ClasspathResourceLoader : initialization complete.
2010-11-22 16:38:00,819 - ResourceCache : initialized. (class org.apache.velocity.runtime.resource.ResourceCacheImpl)
2010-11-22 16:38:00,819 - Default ResourceManager initialization complete.
2010-11-22 16:38:00,822 - Loaded System Directive: org.apache.velocity.runtime.directive.Literal
2010-11-22 16:38:00,825 - Loaded System Directive: org.apache.velocity.runtime.directive.Macro
2010-11-22 16:38:00,830 - Loaded System Directive: org.apache.velocity.runtime.directive.Parse
2010-11-22 16:38:00,833 - Loaded System Directive: org.apache.velocity.runtime.directive.Include
2010-11-22 16:38:00,834 - Loaded System Directive: org.apache.velocity.runtime.directive.Foreach
2010-11-22 16:38:00,876 - Created: 20 parsers.
2010-11-22 16:38:00,891 - Velocimacro : initialization starting.
2010-11-22 16:38:00,891 - Velocimacro : adding VMs from VM library template : VM_global_library.vm
2010-11-22 16:38:00,897 - ResourceManager : unable to find resource 'VM_global_library.vm' in any resource loader.
2010-11-22 16:38:00,897 - Velocimacro : error using  VM library template VM_global_library.vm : org.apache.velocity.exception.ResourceNotFoundException: Unable to find resource 'VM_global_library.vm'
2010-11-22 16:38:00,897 - Velocimacro :  VM library template macro registration complete.
2010-11-22 16:38:00,897 - Velocimacro : allowInline = true : VMs can be defined inline in templates
2010-11-22 16:38:00,897 - Velocimacro : allowInlineToOverride = false : VMs defined inline may NOT replace previous VM definitions
2010-11-22 16:38:00,897 - Velocimacro : allowInlineLocal = false : VMs defined inline will be  global in scope if allowed.
2010-11-22 16:38:00,898 - Velocimacro : messages on  : VM system will output logging messages
2010-11-22 16:38:00,898 - Velocimacro : autoload off  : VM system will not automatically reload global library macros
2010-11-22 16:38:00,898 - Velocimacro : initialization complete.
2010-11-22 16:38:00,898 - Velocity successfully started.
2010-11-22 16:38:15,923 - ResourceManager : found repast/simphony/parameter/parameters.vt with loader org.apache.velocity.runtime.resource.loader.ClasspathResourceLoader
2010-11-22 16:38:46,194 - ResourceManager : found repast/simphony/parameter/parameters.vt with loader org.apache.velocity.runtime.resource.loader.ClasspathResourceLoader
2010-11-23 11:03:22,262 - SimpleLog4JLogSystem initialized using logfile 'velocity.log'
2010-11-23 11:03:22,273 - ************************************************************** 
2010-11-23 11:03:22,273 - Starting Jakarta Velocity v1.4
2010-11-23 11:03:22,273 - RuntimeInstance initializing.
2010-11-23 11:03:22,273 - Default Properties File: org/apache/velocity/runtime/defaults/velocity.properties
2010-11-23 11:03:22,273 - Trying to use logger class org.apache.velocity.runtime.log.SimpleLog4JLogSystem
2010-11-23 11:03:22,273 - Using logger class org.apache.velocity.runtime.log.SimpleLog4JLogSystem
2010-11-23 11:03:22,280 - Default ResourceManager initializing. (class org.apache.velocity.runtime.resource.ResourceManagerImpl)
2010-11-23 11:03:22,286 - Resource Loader Instantiated: org.apache.velocity.runtime.resource.loader.ClasspathResourceLoader
2010-11-23 11:03:22,286 - ClasspathResourceLoader : initialization starting.
2010-11-23 11:03:22,286 - ClasspathResourceLoader : initialization complete.
2010-11-23 11:03:22,290 - ResourceCache : initialized. (class org.apache.velocity.runtime.resource.ResourceCacheImpl)
2010-11-23 11:03:22,290 - Default ResourceManager initialization complete.
2010-11-23 11:03:22,293 - Loaded System Directive: org.apache.velocity.runtime.directive.Literal
2010-11-23 11:03:22,297 - Loaded System Directive: org.apache.velocity.runtime.directive.Macro
2010-11-23 11:03:22,303 - Loaded System Directive: org.apache.velocity.runtime.directive.Parse
2010-11-23 11:03:22,308 - Loaded System Directive: org.apache.velocity.runtime.directive.Include
2010-11-23 11:03:22,310 - Loaded System Directive: org.apache.velocity.runtime.directive.Foreach
2010-11-23 11:03:22,355 - Created: 20 parsers.
2010-11-23 11:03:22,371 - Velocimacro : initialization starting.
2010-11-23 11:03:22,371 - Velocimacro : adding VMs from VM library template : VM_global_library.vm
2010-11-23 11:03:22,378 - ResourceManager : unable to find resource 'VM_global_library.vm' in any resource loader.
2010-11-23 11:03:22,379 - Velocimacro : error using  VM library template VM_global_library.vm : org.apache.velocity.exception.ResourceNotFoundException: Unable to find resource 'VM_global_library.vm'
2010-11-23 11:03:22,379 - Velocimacro :  VM library template macro registration complete.
2010-11-23 11:03:22,379 - Velocimacro : allowInline = true : VMs can be defined inline in templates
2010-11-23 11:03:22,379 - Velocimacro : allowInlineToOverride = false : VMs defined inline may NOT replace previous VM definitions
2010-11-23 11:03:22,379 - Velocimacro : allowInlineLocal = false : VMs defined inline will be  global in scope if allowed.
2010-11-23 11:03:22,379 - Velocimacro : messages on  : VM system will output logging messages
2010-11-23 11:03:22,379 - Velocimacro : autoload off  : VM system will not automatically reload global library macros
2010-11-23 11:03:22,379 - Velocimacro : initialization complete.
2010-11-23 11:03:22,379 - Velocity successfully started.
2010-11-23 11:13:36,218 - ResourceManager : found repast/simphony/parameter/parameters.vt with loader org.apache.velocity.runtime.resource.loader.ClasspathResourceLoader
2010-11-23 11:21:14,764 - SimpleLog4JLogSystem initialized using logfile 'velocity.log'
2010-11-23 11:21:14,765 - ************************************************************** 
2010-11-23 11:21:14,765 - Starting Jakarta Velocity v1.4
2010-11-23 11:21:14,765 - RuntimeInstance initializing.
2010-11-23 11:21:14,765 - Default Properties File: org/apache/velocity/runtime/defaults/velocity.properties
2010-11-23 11:21:14,765 - Trying to use logger class org.apache.velocity.runtime.log.SimpleLog4JLogSystem
2010-11-23 11:21:14,765 - Using logger class org.apache.velocity.runtime.log.SimpleLog4JLogSystem
2010-11-23 11:21:14,770 - Default ResourceManager initializing. (class org.apache.velocity.runtime.resource.ResourceManagerImpl)
2010-11-23 11:21:14,775 - Resource Loader Instantiated: org.apache.velocity.runtime.resource.loader.ClasspathResourceLoader
2010-11-23 11:21:14,775 - ClasspathResourceLoader : initialization starting.
2010-11-23 11:21:14,775 - ClasspathResourceLoader : initialization complete.
2010-11-23 11:21:14,778 - ResourceCache : initialized. (class org.apache.velocity.runtime.resource.ResourceCacheImpl)
2010-11-23 11:21:14,778 - Default ResourceManager initialization complete.
2010-11-23 11:21:14,781 - Loaded System Directive: org.apache.velocity.runtime.directive.Literal
2010-11-23 11:21:14,784 - Loaded System Directive: org.apache.velocity.runtime.directive.Macro
2010-11-23 11:21:14,789 - Loaded System Directive: org.apache.velocity.runtime.directive.Parse
2010-11-23 11:21:14,792 - Loaded System Directive: org.apache.velocity.runtime.directive.Include
2010-11-23 11:21:14,793 - Loaded System Directive: org.apache.velocity.runtime.directive.Foreach
2010-11-23 11:21:14,836 - Created: 20 parsers.
2010-11-23 11:21:14,850 - Velocimacro : initialization starting.
2010-11-23 11:21:14,850 - Velocimacro : adding VMs from VM library template : VM_global_library.vm
2010-11-23 11:21:14,856 - ResourceManager : unable to find resource 'VM_global_library.vm' in any resource loader.
2010-11-23 11:21:14,856 - Velocimacro : error using  VM library template VM_global_library.vm : org.apache.velocity.exception.ResourceNotFoundException: Unable to find resource 'VM_global_library.vm'
2010-11-23 11:21:14,856 - Velocimacro :  VM library template macro registration complete.
2010-11-23 11:21:14,856 - Velocimacro : allowInline = true : VMs can be defined inline in templates
2010-11-23 11:21:14,856 - Velocimacro : allowInlineToOverride = false : VMs defined inline may NOT replace previous VM definitions
2010-11-23 11:21:14,856 - Velocimacro : allowInlineLocal = false : VMs defined inline will be  global in scope if allowed.
2010-11-23 11:21:14,857 - Velocimacro : messages on  : VM system will output logging messages
2010-11-23 11:21:14,857 - Velocimacro : autoload off  : VM system will not automatically reload global library macros
2010-11-23 11:21:14,857 - Velocimacro : initialization complete.
2010-11-23 11:21:14,857 - Velocity successfully started.
2010-11-23 11:28:25,803 - SimpleLog4JLogSystem initialized using logfile 'velocity.log'
2010-11-23 11:28:25,803 - ************************************************************** 
2010-11-23 11:28:25,803 - Starting Jakarta Velocity v1.4
2010-11-23 11:28:25,803 - RuntimeInstance initializing.
2010-11-23 11:28:25,803 - Default Properties File: org/apache/velocity/runtime/defaults/velocity.properties
2010-11-23 11:28:25,803 - Trying to use logger class org.apache.velocity.runtime.log.SimpleLog4JLogSystem
2010-11-23 11:28:25,803 - Using logger class org.apache.velocity.runtime.log.SimpleLog4JLogSystem
2010-11-23 11:28:25,809 - Default ResourceManager initializing. (class org.apache.velocity.runtime.resource.ResourceManagerImpl)
2010-11-23 11:28:25,813 - Resource Loader Instantiated: org.apache.velocity.runtime.resource.loader.ClasspathResourceLoader
2010-11-23 11:28:25,814 - ClasspathResourceLoader : initialization starting.
2010-11-23 11:28:25,814 - ClasspathResourceLoader : initialization complete.
2010-11-23 11:28:25,817 - ResourceCache : initialized. (class org.apache.velocity.runtime.resource.ResourceCacheImpl)
2010-11-23 11:28:25,817 - Default ResourceManager initialization complete.
2010-11-23 11:28:25,820 - Loaded System Directive: org.apache.velocity.runtime.directive.Literal
2010-11-23 11:28:25,823 - Loaded System Directive: org.apache.velocity.runtime.directive.Macro
2010-11-23 11:28:25,827 - Loaded System Directive: org.apache.velocity.runtime.directive.Parse
2010-11-23 11:28:25,830 - Loaded System Directive: org.apache.velocity.runtime.directive.Include
2010-11-23 11:28:25,832 - Loaded System Directive: org.apache.velocity.runtime.directive.Foreach
2010-11-23 11:28:25,874 - Created: 20 parsers.
2010-11-23 11:28:25,888 - Velocimacro : initialization starting.
2010-11-23 11:28:25,888 - Velocimacro : adding VMs from VM library template : VM_global_library.vm
2010-11-23 11:28:25,894 - ResourceManager : unable to find resource 'VM_global_library.vm' in any resource loader.
2010-11-23 11:28:25,894 - Velocimacro : error using  VM library template VM_global_library.vm : org.apache.velocity.exception.ResourceNotFoundException: Unable to find resource 'VM_global_library.vm'
2010-11-23 11:28:25,894 - Velocimacro :  VM library template macro registration complete.
2010-11-23 11:28:25,894 - Velocimacro : allowInline = true : VMs can be defined inline in templates
2010-11-23 11:28:25,894 - Velocimacro : allowInlineToOverride = false : VMs defined inline may NOT replace previous VM definitions
2010-11-23 11:28:25,894 - Velocimacro : allowInlineLocal = false : VMs defined inline will be  global in scope if allowed.
2010-11-23 11:28:25,894 - Velocimacro : messages on  : VM system will output logging messages
2010-11-23 11:28:25,894 - Velocimacro : autoload off  : VM system will not automatically reload global library macros
2010-11-23 11:28:25,894 - Velocimacro : initialization complete.
2010-11-23 11:28:25,894 - Velocity successfully started.
2010-11-23 11:28:45,599 - SimpleLog4JLogSystem initialized using logfile 'velocity.log'
2010-11-23 11:28:45,600 - ************************************************************** 
2010-11-23 11:28:45,600 - Starting Jakarta Velocity v1.4
2010-11-23 11:28:45,600 - RuntimeInstance initializing.
2010-11-23 11:28:45,600 - Default Properties File: org/apache/velocity/runtime/defaults/velocity.properties
2010-11-23 11:28:45,600 - Trying to use logger class org.apache.velocity.runtime.log.AvalonLogSystem
2010-11-23 11:28:45,600 - Couldn't find class org.apache.velocity.runtime.log.AvalonLogSystem or necessary supporting classes in classpath. Exception : java.lang.NoClassDefFoundError: org/apache/log/format/Formatter
2010-11-23 11:28:45,600 - Trying to use logger class org.apache.velocity.runtime.log.SimpleLog4JLogSystem
2010-11-23 11:28:45,600 - Using logger class org.apache.velocity.runtime.log.SimpleLog4JLogSystem
2010-11-23 11:28:45,605 - Default ResourceManager initializing. (class org.apache.velocity.runtime.resource.ResourceManagerImpl)
2010-11-23 11:28:45,609 - Resource Loader Instantiated: org.apache.velocity.runtime.resource.loader.FileResourceLoader
2010-11-23 11:28:45,610 - FileResourceLoader : initialization starting.
2010-11-23 11:28:45,610 - FileResourceLoader : adding path '.'
2010-11-23 11:28:45,610 - FileResourceLoader : initialization complete.
2010-11-23 11:28:45,612 - ResourceCache : initialized. (class org.apache.velocity.runtime.resource.ResourceCacheImpl)
2010-11-23 11:28:45,612 - Default ResourceManager initialization complete.
2010-11-23 11:28:45,615 - Loaded System Directive: org.apache.velocity.runtime.directive.Literal
2010-11-23 11:28:45,618 - Loaded System Directive: org.apache.velocity.runtime.directive.Macro
2010-11-23 11:28:45,622 - Loaded System Directive: org.apache.velocity.runtime.directive.Parse
2010-11-23 11:28:45,625 - Loaded System Directive: org.apache.velocity.runtime.directive.Include
2010-11-23 11:28:45,627 - Loaded System Directive: org.apache.velocity.runtime.directive.Foreach
2010-11-23 11:28:45,666 - Created: 20 parsers.
2010-11-23 11:28:45,680 - Velocimacro : initialization starting.
2010-11-23 11:28:45,680 - Velocimacro : adding VMs from VM library template : VM_global_library.vm
2010-11-23 11:28:45,684 - ResourceManager : unable to find resource 'VM_global_library.vm' in any resource loader.
2010-11-23 11:28:45,684 - Velocimacro : error using  VM library template VM_global_library.vm : org.apache.velocity.exception.ResourceNotFoundException: Unable to find resource 'VM_global_library.vm'
2010-11-23 11:28:45,684 - Velocimacro :  VM library template macro registration complete.
2010-11-23 11:28:45,684 - Velocimacro : allowInline = true : VMs can be defined inline in templates
2010-11-23 11:28:45,684 - Velocimacro : allowInlineToOverride = false : VMs defined inline may NOT replace previous VM definitions
2010-11-23 11:28:45,684 - Velocimacro : allowInlineLocal = false : VMs defined inline will be  global in scope if allowed.
2010-11-23 11:28:45,684 - Velocimacro : messages on  : VM system will output logging messages
2010-11-23 11:28:45,684 - Velocimacro : autoload off  : VM system will not automatically reload global library macros
2010-11-23 11:28:45,684 - Velocimacro : initialization complete.
2010-11-23 11:28:45,684 - Velocity successfully started.
2010-11-23 11:33:03,910 - ResourceManager : found repast/simphony/parameter/parameters.vt with loader org.apache.velocity.runtime.resource.loader.ClasspathResourceLoader
2010-11-23 13:29:41,964 - SimpleLog4JLogSystem initialized using logfile 'velocity.log'
2010-11-23 13:29:41,964 - ************************************************************** 
2010-11-23 13:29:41,964 - Starting Jakarta Velocity v1.4
2010-11-23 13:29:41,964 - RuntimeInstance initializing.
2010-11-23 13:29:41,964 - Default Properties File: org/apache/velocity/runtime/defaults/velocity.properties
2010-11-23 13:29:41,964 - Trying to use logger class org.apache.velocity.runtime.log.SimpleLog4JLogSystem
2010-11-23 13:29:41,964 - Using logger class org.apache.velocity.runtime.log.SimpleLog4JLogSystem
2010-11-23 13:29:41,970 - Default ResourceManager initializing. (class org.apache.velocity.runtime.resource.ResourceManagerImpl)
2010-11-23 13:29:41,976 - Resource Loader Instantiated: org.apache.velocity.runtime.resource.loader.ClasspathResourceLoader
2010-11-23 13:29:41,976 - ClasspathResourceLoader : initialization starting.
2010-11-23 13:29:41,976 - ClasspathResourceLoader : initialization complete.
2010-11-23 13:29:41,979 - ResourceCache : initialized. (class org.apache.velocity.runtime.resource.ResourceCacheImpl)
2010-11-23 13:29:41,979 - Default ResourceManager initialization complete.
2010-11-23 13:29:41,982 - Loaded System Directive: org.apache.velocity.runtime.directive.Literal
2010-11-23 13:29:41,986 - Loaded System Directive: org.apache.velocity.runtime.directive.Macro
2010-11-23 13:29:41,991 - Loaded System Directive: org.apache.velocity.runtime.directive.Parse
2010-11-23 13:29:41,994 - Loaded System Directive: org.apache.velocity.runtime.directive.Include
2010-11-23 13:29:41,996 - Loaded System Directive: org.apache.velocity.runtime.directive.Foreach
2010-11-23 13:29:42,041 - Created: 20 parsers.
2010-11-23 13:29:42,055 - Velocimacro : initialization starting.
2010-11-23 13:29:42,055 - Velocimacro : adding VMs from VM library template : VM_global_library.vm
2010-11-23 13:29:42,061 - ResourceManager : unable to find resource 'VM_global_library.vm' in any resource loader.
2010-11-23 13:29:42,061 - Velocimacro : error using  VM library template VM_global_library.vm : org.apache.velocity.exception.ResourceNotFoundException: Unable to find resource 'VM_global_library.vm'
2010-11-23 13:29:42,061 - Velocimacro :  VM library template macro registration complete.
2010-11-23 13:29:42,061 - Velocimacro : allowInline = true : VMs can be defined inline in templates
2010-11-23 13:29:42,061 - Velocimacro : allowInlineToOverride = false : VMs defined inline may NOT replace previous VM definitions
2010-11-23 13:29:42,061 - Velocimacro : allowInlineLocal = false : VMs defined inline will be  global in scope if allowed.
2010-11-23 13:29:42,061 - Velocimacro : messages on  : VM system will output logging messages
2010-11-23 13:29:42,062 - Velocimacro : autoload off  : VM system will not automatically reload global library macros
2010-11-23 13:29:42,062 - Velocimacro : initialization complete.
2010-11-23 13:29:42,062 - Velocity successfully started.
2010-11-23 13:37:02,943 - SimpleLog4JLogSystem initialized using logfile 'velocity.log'
2010-11-23 13:37:02,943 - ************************************************************** 
2010-11-23 13:37:02,943 - Starting Jakarta Velocity v1.4
2010-11-23 13:37:02,943 - RuntimeInstance initializing.
2010-11-23 13:37:02,943 - Default Properties File: org/apache/velocity/runtime/defaults/velocity.properties
2010-11-23 13:37:02,943 - Trying to use logger class org.apache.velocity.runtime.log.SimpleLog4JLogSystem
2010-11-23 13:37:02,943 - Using logger class org.apache.velocity.runtime.log.SimpleLog4JLogSystem
2010-11-23 13:37:02,949 - Default ResourceManager initializing. (class org.apache.velocity.runtime.resource.ResourceManagerImpl)
2010-11-23 13:37:02,954 - Resource Loader Instantiated: org.apache.velocity.runtime.resource.loader.ClasspathResourceLoader
2010-11-23 13:37:02,954 - ClasspathResourceLoader : initialization starting.
2010-11-23 13:37:02,954 - ClasspathResourceLoader : initialization complete.
2010-11-23 13:37:02,958 - ResourceCache : initialized. (class org.apache.velocity.runtime.resource.ResourceCacheImpl)
2010-11-23 13:37:02,958 - Default ResourceManager initialization complete.
2010-11-23 13:37:02,961 - Loaded System Directive: org.apache.velocity.runtime.directive.Literal
2010-11-23 13:37:02,964 - Loaded System Directive: org.apache.velocity.runtime.directive.Macro
2010-11-23 13:37:02,969 - Loaded System Directive: org.apache.velocity.runtime.directive.Parse
2010-11-23 13:37:02,972 - Loaded System Directive: org.apache.velocity.runtime.directive.Include
2010-11-23 13:37:02,974 - Loaded System Directive: org.apache.velocity.runtime.directive.Foreach
2010-11-23 13:37:03,017 - Created: 20 parsers.
2010-11-23 13:37:03,031 - Velocimacro : initialization starting.
2010-11-23 13:37:03,031 - Velocimacro : adding VMs from VM library template : VM_global_library.vm
2010-11-23 13:37:03,062 - ResourceManager : unable to find resource 'VM_global_library.vm' in any resource loader.
2010-11-23 13:37:03,062 - Velocimacro : error using  VM library template VM_global_library.vm : org.apache.velocity.exception.ResourceNotFoundException: Unable to find resource 'VM_global_library.vm'
2010-11-23 13:37:03,062 - Velocimacro :  VM library template macro registration complete.
2010-11-23 13:37:03,062 - Velocimacro : allowInline = true : VMs can be defined inline in templates
2010-11-23 13:37:03,062 - Velocimacro : allowInlineToOverride = false : VMs defined inline may NOT replace previous VM definitions
2010-11-23 13:37:03,062 - Velocimacro : allowInlineLocal = false : VMs defined inline will be  global in scope if allowed.
2010-11-23 13:37:03,062 - Velocimacro : messages on  : VM system will output logging messages
2010-11-23 13:37:03,062 - Velocimacro : autoload off  : VM system will not automatically reload global library macros
2010-11-23 13:37:03,062 - Velocimacro : initialization complete.
2010-11-23 13:37:03,062 - Velocity successfully started.
2010-11-23 13:40:20,013 - SimpleLog4JLogSystem initialized using logfile 'velocity.log'
2010-11-23 13:40:20,013 - ************************************************************** 
2010-11-23 13:40:20,013 - Starting Jakarta Velocity v1.4
2010-11-23 13:40:20,013 - RuntimeInstance initializing.
2010-11-23 13:40:20,013 - Default Properties File: org/apache/velocity/runtime/defaults/velocity.properties
2010-11-23 13:40:20,013 - Trying to use logger class org.apache.velocity.runtime.log.SimpleLog4JLogSystem
2010-11-23 13:40:20,013 - Using logger class org.apache.velocity.runtime.log.SimpleLog4JLogSystem
2010-11-23 13:40:20,018 - Default ResourceManager initializing. (class org.apache.velocity.runtime.resource.ResourceManagerImpl)
2010-11-23 13:40:20,023 - Resource Loader Instantiated: org.apache.velocity.runtime.resource.loader.ClasspathResourceLoader
2010-11-23 13:40:20,023 - ClasspathResourceLoader : initialization starting.
2010-11-23 13:40:20,023 - ClasspathResourceLoader : initialization complete.
2010-11-23 13:40:20,026 - ResourceCache : initialized. (class org.apache.velocity.runtime.resource.ResourceCacheImpl)
2010-11-23 13:40:20,026 - Default ResourceManager initialization complete.
2010-11-23 13:40:20,029 - Loaded System Directive: org.apache.velocity.runtime.directive.Literal
2010-11-23 13:40:20,032 - Loaded System Directive: org.apache.velocity.runtime.directive.Macro
2010-11-23 13:40:20,037 - Loaded System Directive: org.apache.velocity.runtime.directive.Parse
2010-11-23 13:40:20,040 - Loaded System Directive: org.apache.velocity.runtime.directive.Include
2010-11-23 13:40:20,042 - Loaded System Directive: org.apache.velocity.runtime.directive.Foreach
2010-11-23 13:40:20,086 - Created: 20 parsers.
2010-11-23 13:40:20,100 - Velocimacro : initialization starting.
2010-11-23 13:40:20,100 - Velocimacro : adding VMs from VM library template : VM_global_library.vm
2010-11-23 13:40:20,106 - ResourceManager : unable to find resource 'VM_global_library.vm' in any resource loader.
2010-11-23 13:40:20,106 - Velocimacro : error using  VM library template VM_global_library.vm : org.apache.velocity.exception.ResourceNotFoundException: Unable to find resource 'VM_global_library.vm'
2010-11-23 13:40:20,106 - Velocimacro :  VM library template macro registration complete.
2010-11-23 13:40:20,106 - Velocimacro : allowInline = true : VMs can be defined inline in templates
2010-11-23 13:40:20,106 - Velocimacro : allowInlineToOverride = false : VMs defined inline may NOT replace previous VM definitions
2010-11-23 13:40:20,106 - Velocimacro : allowInlineLocal = false : VMs defined inline will be  global in scope if allowed.
2010-11-23 13:40:20,106 - Velocimacro : messages on  : VM system will output logging messages
2010-11-23 13:40:20,106 - Velocimacro : autoload off  : VM system will not automatically reload global library macros
2010-11-23 13:40:20,106 - Velocimacro : initialization complete.
2010-11-23 13:40:20,106 - Velocity successfully started.
2010-11-23 13:42:21,525 - SimpleLog4JLogSystem initialized using logfile 'velocity.log'
2010-11-23 13:42:21,526 - ************************************************************** 
2010-11-23 13:42:21,526 - Starting Jakarta Velocity v1.4
2010-11-23 13:42:21,526 - RuntimeInstance initializing.
2010-11-23 13:42:21,526 - Default Properties File: org/apache/velocity/runtime/defaults/velocity.properties
2010-11-23 13:42:21,526 - Trying to use logger class org.apache.velocity.runtime.log.SimpleLog4JLogSystem
2010-11-23 13:42:21,526 - Using logger class org.apache.velocity.runtime.log.SimpleLog4JLogSystem
2010-11-23 13:42:21,531 - Default ResourceManager initializing. (class org.apache.velocity.runtime.resource.ResourceManagerImpl)
2010-11-23 13:42:21,536 - Resource Loader Instantiated: org.apache.velocity.runtime.resource.loader.ClasspathResourceLoader
2010-11-23 13:42:21,536 - ClasspathResourceLoader : initialization starting.
2010-11-23 13:42:21,536 - ClasspathResourceLoader : initialization complete.
2010-11-23 13:42:21,540 - ResourceCache : initialized. (class org.apache.velocity.runtime.resource.ResourceCacheImpl)
2010-11-23 13:42:21,540 - Default ResourceManager initialization complete.
2010-11-23 13:42:21,543 - Loaded System Directive: org.apache.velocity.runtime.directive.Literal
2010-11-23 13:42:21,546 - Loaded System Directive: org.apache.velocity.runtime.directive.Macro
2010-11-23 13:42:21,551 - Loaded System Directive: org.apache.velocity.runtime.directive.Parse
2010-11-23 13:42:21,554 - Loaded System Directive: org.apache.velocity.runtime.directive.Include
2010-11-23 13:42:21,555 - Loaded System Directive: org.apache.velocity.runtime.directive.Foreach
2010-11-23 13:42:21,598 - Created: 20 parsers.
2010-11-23 13:42:21,613 - Velocimacro : initialization starting.
2010-11-23 13:42:21,613 - Velocimacro : adding VMs from VM library template : VM_global_library.vm
2010-11-23 13:42:21,619 - ResourceManager : unable to find resource 'VM_global_library.vm' in any resource loader.
2010-11-23 13:42:21,619 - Velocimacro : error using  VM library template VM_global_library.vm : org.apache.velocity.exception.ResourceNotFoundException: Unable to find resource 'VM_global_library.vm'
2010-11-23 13:42:21,619 - Velocimacro :  VM library template macro registration complete.
2010-11-23 13:42:21,619 - Velocimacro : allowInline = true : VMs can be defined inline in templates
2010-11-23 13:42:21,619 - Velocimacro : allowInlineToOverride = false : VMs defined inline may NOT replace previous VM definitions
2010-11-23 13:42:21,619 - Velocimacro : allowInlineLocal = false : VMs defined inline will be  global in scope if allowed.
2010-11-23 13:42:21,619 - Velocimacro : messages on  : VM system will output logging messages
2010-11-23 13:42:21,619 - Velocimacro : autoload off  : VM system will not automatically reload global library macros
2010-11-23 13:42:21,619 - Velocimacro : initialization complete.
2010-11-23 13:42:21,619 - Velocity successfully started.
2010-11-23 19:13:36,128 - SimpleLog4JLogSystem initialized using logfile 'velocity.log'
2010-11-23 19:13:36,128 - ************************************************************** 
2010-11-23 19:13:36,128 - Starting Jakarta Velocity v1.4
2010-11-23 19:13:36,128 - RuntimeInstance initializing.
2010-11-23 19:13:36,128 - Default Properties File: org\apache\velocity\runtime\defaults\velocity.properties
2010-11-23 19:13:36,128 - Trying to use logger class org.apache.velocity.runtime.log.SimpleLog4JLogSystem
2010-11-23 19:13:36,128 - Using logger class org.apache.velocity.runtime.log.SimpleLog4JLogSystem
2010-11-23 19:13:36,144 - Default ResourceManager initializing. (class org.apache.velocity.runtime.resource.ResourceManagerImpl)
2010-11-23 19:13:36,144 - Resource Loader Instantiated: org.apache.velocity.runtime.resource.loader.ClasspathResourceLoader
2010-11-23 19:13:36,144 - ClasspathResourceLoader : initialization starting.
2010-11-23 19:13:36,144 - ClasspathResourceLoader : initialization complete.
2010-11-23 19:13:36,144 - ResourceCache : initialized. (class org.apache.velocity.runtime.resource.ResourceCacheImpl)
2010-11-23 19:13:36,144 - Default ResourceManager initialization complete.
2010-11-23 19:13:36,160 - Loaded System Directive: org.apache.velocity.runtime.directive.Literal
2010-11-23 19:13:36,160 - Loaded System Directive: org.apache.velocity.runtime.directive.Macro
2010-11-23 19:13:36,160 - Loaded System Directive: org.apache.velocity.runtime.directive.Parse
2010-11-23 19:13:36,160 - Loaded System Directive: org.apache.velocity.runtime.directive.Include
2010-11-23 19:13:36,160 - Loaded System Directive: org.apache.velocity.runtime.directive.Foreach
2010-11-23 19:13:36,222 - Created: 20 parsers.
2010-11-23 19:13:36,222 - Velocimacro : initialization starting.
2010-11-23 19:13:36,222 - Velocimacro : adding VMs from VM library template : VM_global_library.vm
2010-11-23 19:13:36,253 - ResourceManager : unable to find resource 'VM_global_library.vm' in any resource loader.
2010-11-23 19:13:36,253 - Velocimacro : error using  VM library template VM_global_library.vm : org.apache.velocity.exception.ResourceNotFoundException: Unable to find resource 'VM_global_library.vm'
2010-11-23 19:13:36,253 - Velocimacro :  VM library template macro registration complete.
2010-11-23 19:13:36,253 - Velocimacro : allowInline = true : VMs can be defined inline in templates
2010-11-23 19:13:36,253 - Velocimacro : allowInlineToOverride = false : VMs defined inline may NOT replace previous VM definitions
2010-11-23 19:13:36,253 - Velocimacro : allowInlineLocal = false : VMs defined inline will be  global in scope if allowed.
2010-11-23 19:13:36,253 - Velocimacro : messages on  : VM system will output logging messages
2010-11-23 19:13:36,253 - Velocimacro : autoload off  : VM system will not automatically reload global library macros
2010-11-23 19:13:36,253 - Velocimacro : initialization complete.
2010-11-23 19:13:36,253 - Velocity successfully started.
