2013-05-20 12:09:12,087 - SimpleLog4JLogSystem initialized using logfile 'velocity.log'
2013-05-20 12:09:12,088 - ************************************************************** 
2013-05-20 12:09:12,088 - Starting Jakarta Velocity v1.4
2013-05-20 12:09:12,088 - RuntimeInstance initializing.
2013-05-20 12:09:12,088 - Default Properties File: org/apache/velocity/runtime/defaults/velocity.properties
2013-05-20 12:09:12,088 - Trying to use logger class org.apache.velocity.runtime.log.SimpleLog4JLogSystem
2013-05-20 12:09:12,088 - Using logger class org.apache.velocity.runtime.log.SimpleLog4JLogSystem
2013-05-20 12:09:12,091 - Default ResourceManager initializing. (class org.apache.velocity.runtime.resource.ResourceManagerImpl)
2013-05-20 12:09:12,094 - Resource Loader Instantiated: org.apache.velocity.runtime.resource.loader.ClasspathResourceLoader
2013-05-20 12:09:12,094 - ClasspathResourceLoader : initialization starting.
2013-05-20 12:09:12,094 - ClasspathResourceLoader : initialization complete.
2013-05-20 12:09:12,096 - ResourceCache : initialized. (class org.apache.velocity.runtime.resource.ResourceCacheImpl)
2013-05-20 12:09:12,096 - Default ResourceManager initialization complete.
2013-05-20 12:09:12,098 - Loaded System Directive: org.apache.velocity.runtime.directive.Literal
2013-05-20 12:09:12,100 - Loaded System Directive: org.apache.velocity.runtime.directive.Macro
2013-05-20 12:09:12,103 - Loaded System Directive: org.apache.velocity.runtime.directive.Parse
2013-05-20 12:09:12,105 - Loaded System Directive: org.apache.velocity.runtime.directive.Include
2013-05-20 12:09:12,106 - Loaded System Directive: org.apache.velocity.runtime.directive.Foreach
2013-05-20 12:09:12,138 - Created: 20 parsers.
2013-05-20 12:09:12,146 - Velocimacro : initialization starting.
2013-05-20 12:09:12,147 - Velocimacro : adding VMs from VM library template : VM_global_library.vm
2013-05-20 12:09:12,151 - ResourceManager : unable to find resource 'VM_global_library.vm' in any resource loader.
2013-05-20 12:09:12,151 - Velocimacro : error using  VM library template VM_global_library.vm : org.apache.velocity.exception.ResourceNotFoundException: Unable to find resource 'VM_global_library.vm'
2013-05-20 12:09:12,151 - Velocimacro :  VM library template macro registration complete.
2013-05-20 12:09:12,151 - Velocimacro : allowInline = true : VMs can be defined inline in templates
2013-05-20 12:09:12,151 - Velocimacro : allowInlineToOverride = false : VMs defined inline may NOT replace previous VM definitions
2013-05-20 12:09:12,151 - Velocimacro : allowInlineLocal = false : VMs defined inline will be  global in scope if allowed.
2013-05-20 12:09:12,151 - Velocimacro : messages on  : VM system will output logging messages
2013-05-20 12:09:12,151 - Velocimacro : autoload off  : VM system will not automatically reload global library macros
2013-05-20 12:09:12,151 - Velocimacro : initialization complete.
2013-05-20 12:09:12,152 - Velocity successfully started.
