2012-01-13 13:53:21,004 - SimpleLog4JLogSystem initialized using logfile 'velocity.log'
2012-01-13 13:53:21,004 - ************************************************************** 
2012-01-13 13:53:21,005 - Starting Jakarta Velocity v1.4
2012-01-13 13:53:21,005 - RuntimeInstance initializing.
2012-01-13 13:53:21,005 - Default Properties File: org/apache/velocity/runtime/defaults/velocity.properties
2012-01-13 13:53:21,005 - Trying to use logger class org.apache.velocity.runtime.log.SimpleLog4JLogSystem
2012-01-13 13:53:21,005 - Using logger class org.apache.velocity.runtime.log.SimpleLog4JLogSystem
2012-01-13 13:53:21,011 - Default ResourceManager initializing. (class org.apache.velocity.runtime.resource.ResourceManagerImpl)
2012-01-13 13:53:21,016 - Resource Loader Instantiated: org.apache.velocity.runtime.resource.loader.ClasspathResourceLoader
2012-01-13 13:53:21,016 - ClasspathResourceLoader : initialization starting.
2012-01-13 13:53:21,016 - ClasspathResourceLoader : initialization complete.
2012-01-13 13:53:21,019 - ResourceCache : initialized. (class org.apache.velocity.runtime.resource.ResourceCacheImpl)
2012-01-13 13:53:21,019 - Default ResourceManager initialization complete.
2012-01-13 13:53:21,021 - Loaded System Directive: org.apache.velocity.runtime.directive.Literal
2012-01-13 13:53:21,024 - Loaded System Directive: org.apache.velocity.runtime.directive.Macro
2012-01-13 13:53:21,028 - Loaded System Directive: org.apache.velocity.runtime.directive.Parse
2012-01-13 13:53:21,031 - Loaded System Directive: org.apache.velocity.runtime.directive.Include
2012-01-13 13:53:21,033 - Loaded System Directive: org.apache.velocity.runtime.directive.Foreach
2012-01-13 13:53:21,071 - Created: 20 parsers.
2012-01-13 13:53:21,084 - Velocimacro : initialization starting.
2012-01-13 13:53:21,084 - Velocimacro : adding VMs from VM library template : VM_global_library.vm
2012-01-13 13:53:21,089 - ResourceManager : unable to find resource 'VM_global_library.vm' in any resource loader.
2012-01-13 13:53:21,090 - Velocimacro : error using  VM library template VM_global_library.vm : org.apache.velocity.exception.ResourceNotFoundException: Unable to find resource 'VM_global_library.vm'
2012-01-13 13:53:21,090 - Velocimacro :  VM library template macro registration complete.
2012-01-13 13:53:21,090 - Velocimacro : allowInline = true : VMs can be defined inline in templates
2012-01-13 13:53:21,090 - Velocimacro : allowInlineToOverride = false : VMs defined inline may NOT replace previous VM definitions
2012-01-13 13:53:21,090 - Velocimacro : allowInlineLocal = false : VMs defined inline will be  global in scope if allowed.
2012-01-13 13:53:21,090 - Velocimacro : messages on  : VM system will output logging messages
2012-01-13 13:53:21,090 - Velocimacro : autoload off  : VM system will not automatically reload global library macros
2012-01-13 13:53:21,090 - Velocimacro : initialization complete.
2012-01-13 13:53:21,090 - Velocity successfully started.
