2011-05-06 14:21:37,808 - SimpleLog4JLogSystem initialized using logfile 'velocity.log'
2011-05-06 14:21:37,809 - ************************************************************** 
2011-05-06 14:21:37,809 - Starting Jakarta Velocity v1.4
2011-05-06 14:21:37,809 - RuntimeInstance initializing.
2011-05-06 14:21:37,809 - Default Properties File: org/apache/velocity/runtime/defaults/velocity.properties
2011-05-06 14:21:37,809 - Trying to use logger class org.apache.velocity.runtime.log.SimpleLog4JLogSystem
2011-05-06 14:21:37,809 - Using logger class org.apache.velocity.runtime.log.SimpleLog4JLogSystem
2011-05-06 14:21:37,812 - Default ResourceManager initializing. (class org.apache.velocity.runtime.resource.ResourceManagerImpl)
2011-05-06 14:21:37,815 - Resource Loader Instantiated: org.apache.velocity.runtime.resource.loader.ClasspathResourceLoader
2011-05-06 14:21:37,816 - ClasspathResourceLoader : initialization starting.
2011-05-06 14:21:37,816 - ClasspathResourceLoader : initialization complete.
2011-05-06 14:21:37,817 - ResourceCache : initialized. (class org.apache.velocity.runtime.resource.ResourceCacheImpl)
2011-05-06 14:21:37,817 - Default ResourceManager initialization complete.
2011-05-06 14:21:37,819 - Loaded System Directive: org.apache.velocity.runtime.directive.Literal
2011-05-06 14:21:37,824 - Loaded System Directive: org.apache.velocity.runtime.directive.Macro
2011-05-06 14:21:37,826 - Loaded System Directive: org.apache.velocity.runtime.directive.Parse
2011-05-06 14:21:37,828 - Loaded System Directive: org.apache.velocity.runtime.directive.Include
2011-05-06 14:21:37,829 - Loaded System Directive: org.apache.velocity.runtime.directive.Foreach
2011-05-06 14:21:37,858 - Created: 20 parsers.
2011-05-06 14:21:37,866 - Velocimacro : initialization starting.
2011-05-06 14:21:37,866 - Velocimacro : adding VMs from VM library template : VM_global_library.vm
2011-05-06 14:21:37,871 - ResourceManager : unable to find resource 'VM_global_library.vm' in any resource loader.
2011-05-06 14:21:37,871 - Velocimacro : error using  VM library template VM_global_library.vm : org.apache.velocity.exception.ResourceNotFoundException: Unable to find resource 'VM_global_library.vm'
2011-05-06 14:21:37,871 - Velocimacro :  VM library template macro registration complete.
2011-05-06 14:21:37,871 - Velocimacro : allowInline = true : VMs can be defined inline in templates
2011-05-06 14:21:37,871 - Velocimacro : allowInlineToOverride = false : VMs defined inline may NOT replace previous VM definitions
2011-05-06 14:21:37,871 - Velocimacro : allowInlineLocal = false : VMs defined inline will be  global in scope if allowed.
2011-05-06 14:21:37,871 - Velocimacro : messages on  : VM system will output logging messages
2011-05-06 14:21:37,871 - Velocimacro : autoload off  : VM system will not automatically reload global library macros
2011-05-06 14:21:37,871 - Velocimacro : initialization complete.
2011-05-06 14:21:37,871 - Velocity successfully started.
2011-05-06 14:23:02,737 - SimpleLog4JLogSystem initialized using logfile 'velocity.log'
2011-05-06 14:23:02,737 - ************************************************************** 
2011-05-06 14:23:02,737 - Starting Jakarta Velocity v1.4
2011-05-06 14:23:02,737 - RuntimeInstance initializing.
2011-05-06 14:23:02,737 - Default Properties File: org/apache/velocity/runtime/defaults/velocity.properties
2011-05-06 14:23:02,737 - Trying to use logger class org.apache.velocity.runtime.log.SimpleLog4JLogSystem
2011-05-06 14:23:02,737 - Using logger class org.apache.velocity.runtime.log.SimpleLog4JLogSystem
2011-05-06 14:23:02,741 - Default ResourceManager initializing. (class org.apache.velocity.runtime.resource.ResourceManagerImpl)
2011-05-06 14:23:02,746 - Resource Loader Instantiated: org.apache.velocity.runtime.resource.loader.ClasspathResourceLoader
2011-05-06 14:23:02,746 - ClasspathResourceLoader : initialization starting.
2011-05-06 14:23:02,746 - ClasspathResourceLoader : initialization complete.
2011-05-06 14:23:02,748 - ResourceCache : initialized. (class org.apache.velocity.runtime.resource.ResourceCacheImpl)
2011-05-06 14:23:02,748 - Default ResourceManager initialization complete.
2011-05-06 14:23:02,750 - Loaded System Directive: org.apache.velocity.runtime.directive.Literal
2011-05-06 14:23:02,751 - Loaded System Directive: org.apache.velocity.runtime.directive.Macro
2011-05-06 14:23:02,754 - Loaded System Directive: org.apache.velocity.runtime.directive.Parse
2011-05-06 14:23:02,755 - Loaded System Directive: org.apache.velocity.runtime.directive.Include
2011-05-06 14:23:02,756 - Loaded System Directive: org.apache.velocity.runtime.directive.Foreach
2011-05-06 14:23:02,785 - Created: 20 parsers.
2011-05-06 14:23:02,792 - Velocimacro : initialization starting.
2011-05-06 14:23:02,792 - Velocimacro : adding VMs from VM library template : VM_global_library.vm
2011-05-06 14:23:02,797 - ResourceManager : unable to find resource 'VM_global_library.vm' in any resource loader.
2011-05-06 14:23:02,797 - Velocimacro : error using  VM library template VM_global_library.vm : org.apache.velocity.exception.ResourceNotFoundException: Unable to find resource 'VM_global_library.vm'
2011-05-06 14:23:02,797 - Velocimacro :  VM library template macro registration complete.
2011-05-06 14:23:02,797 - Velocimacro : allowInline = true : VMs can be defined inline in templates
2011-05-06 14:23:02,797 - Velocimacro : allowInlineToOverride = false : VMs defined inline may NOT replace previous VM definitions
2011-05-06 14:23:02,798 - Velocimacro : allowInlineLocal = false : VMs defined inline will be  global in scope if allowed.
2011-05-06 14:23:02,798 - Velocimacro : messages on  : VM system will output logging messages
2011-05-06 14:23:02,798 - Velocimacro : autoload off  : VM system will not automatically reload global library macros
2011-05-06 14:23:02,798 - Velocimacro : initialization complete.
2011-05-06 14:23:02,798 - Velocity successfully started.
2011-05-06 14:24:52,669 - SimpleLog4JLogSystem initialized using logfile 'velocity.log'
2011-05-06 14:24:52,669 - ************************************************************** 
2011-05-06 14:24:52,669 - Starting Jakarta Velocity v1.4
2011-05-06 14:24:52,669 - RuntimeInstance initializing.
2011-05-06 14:24:52,669 - Default Properties File: org/apache/velocity/runtime/defaults/velocity.properties
2011-05-06 14:24:52,669 - Trying to use logger class org.apache.velocity.runtime.log.SimpleLog4JLogSystem
2011-05-06 14:24:52,670 - Using logger class org.apache.velocity.runtime.log.SimpleLog4JLogSystem
2011-05-06 14:24:52,673 - Default ResourceManager initializing. (class org.apache.velocity.runtime.resource.ResourceManagerImpl)
2011-05-06 14:24:52,675 - Resource Loader Instantiated: org.apache.velocity.runtime.resource.loader.ClasspathResourceLoader
2011-05-06 14:24:52,675 - ClasspathResourceLoader : initialization starting.
2011-05-06 14:24:52,675 - ClasspathResourceLoader : initialization complete.
2011-05-06 14:24:52,677 - ResourceCache : initialized. (class org.apache.velocity.runtime.resource.ResourceCacheImpl)
2011-05-06 14:24:52,677 - Default ResourceManager initialization complete.
2011-05-06 14:24:52,678 - Loaded System Directive: org.apache.velocity.runtime.directive.Literal
2011-05-06 14:24:52,680 - Loaded System Directive: org.apache.velocity.runtime.directive.Macro
2011-05-06 14:24:52,685 - Loaded System Directive: org.apache.velocity.runtime.directive.Parse
2011-05-06 14:24:52,687 - Loaded System Directive: org.apache.velocity.runtime.directive.Include
2011-05-06 14:24:52,688 - Loaded System Directive: org.apache.velocity.runtime.directive.Foreach
2011-05-06 14:24:52,715 - Created: 20 parsers.
2011-05-06 14:24:52,722 - Velocimacro : initialization starting.
2011-05-06 14:24:52,722 - Velocimacro : adding VMs from VM library template : VM_global_library.vm
2011-05-06 14:24:52,727 - ResourceManager : unable to find resource 'VM_global_library.vm' in any resource loader.
2011-05-06 14:24:52,727 - Velocimacro : error using  VM library template VM_global_library.vm : org.apache.velocity.exception.ResourceNotFoundException: Unable to find resource 'VM_global_library.vm'
2011-05-06 14:24:52,727 - Velocimacro :  VM library template macro registration complete.
2011-05-06 14:24:52,727 - Velocimacro : allowInline = true : VMs can be defined inline in templates
2011-05-06 14:24:52,727 - Velocimacro : allowInlineToOverride = false : VMs defined inline may NOT replace previous VM definitions
2011-05-06 14:24:52,727 - Velocimacro : allowInlineLocal = false : VMs defined inline will be  global in scope if allowed.
2011-05-06 14:24:52,727 - Velocimacro : messages on  : VM system will output logging messages
2011-05-06 14:24:52,727 - Velocimacro : autoload off  : VM system will not automatically reload global library macros
2011-05-06 14:24:52,727 - Velocimacro : initialization complete.
2011-05-06 14:24:52,727 - Velocity successfully started.
2011-05-06 14:25:40,392 - SimpleLog4JLogSystem initialized using logfile 'velocity.log'
2011-05-06 14:25:40,392 - ************************************************************** 
2011-05-06 14:25:40,392 - Starting Jakarta Velocity v1.4
2011-05-06 14:25:40,393 - RuntimeInstance initializing.
2011-05-06 14:25:40,393 - Default Properties File: org/apache/velocity/runtime/defaults/velocity.properties
2011-05-06 14:25:40,393 - Trying to use logger class org.apache.velocity.runtime.log.SimpleLog4JLogSystem
2011-05-06 14:25:40,393 - Using logger class org.apache.velocity.runtime.log.SimpleLog4JLogSystem
2011-05-06 14:25:40,396 - Default ResourceManager initializing. (class org.apache.velocity.runtime.resource.ResourceManagerImpl)
2011-05-06 14:25:40,402 - Resource Loader Instantiated: org.apache.velocity.runtime.resource.loader.ClasspathResourceLoader
2011-05-06 14:25:40,402 - ClasspathResourceLoader : initialization starting.
2011-05-06 14:25:40,402 - ClasspathResourceLoader : initialization complete.
2011-05-06 14:25:40,404 - ResourceCache : initialized. (class org.apache.velocity.runtime.resource.ResourceCacheImpl)
2011-05-06 14:25:40,404 - Default ResourceManager initialization complete.
2011-05-06 14:25:40,405 - Loaded System Directive: org.apache.velocity.runtime.directive.Literal
2011-05-06 14:25:40,407 - Loaded System Directive: org.apache.velocity.runtime.directive.Macro
2011-05-06 14:25:40,410 - Loaded System Directive: org.apache.velocity.runtime.directive.Parse
2011-05-06 14:25:40,412 - Loaded System Directive: org.apache.velocity.runtime.directive.Include
2011-05-06 14:25:40,413 - Loaded System Directive: org.apache.velocity.runtime.directive.Foreach
2011-05-06 14:25:40,443 - Created: 20 parsers.
2011-05-06 14:25:40,451 - Velocimacro : initialization starting.
2011-05-06 14:25:40,451 - Velocimacro : adding VMs from VM library template : VM_global_library.vm
2011-05-06 14:25:40,456 - ResourceManager : unable to find resource 'VM_global_library.vm' in any resource loader.
2011-05-06 14:25:40,456 - Velocimacro : error using  VM library template VM_global_library.vm : org.apache.velocity.exception.ResourceNotFoundException: Unable to find resource 'VM_global_library.vm'
2011-05-06 14:25:40,456 - Velocimacro :  VM library template macro registration complete.
2011-05-06 14:25:40,456 - Velocimacro : allowInline = true : VMs can be defined inline in templates
2011-05-06 14:25:40,456 - Velocimacro : allowInlineToOverride = false : VMs defined inline may NOT replace previous VM definitions
2011-05-06 14:25:40,457 - Velocimacro : allowInlineLocal = false : VMs defined inline will be  global in scope if allowed.
2011-05-06 14:25:40,457 - Velocimacro : messages on  : VM system will output logging messages
2011-05-06 14:25:40,457 - Velocimacro : autoload off  : VM system will not automatically reload global library macros
2011-05-06 14:25:40,457 - Velocimacro : initialization complete.
2011-05-06 14:25:40,457 - Velocity successfully started.
2011-05-06 14:26:52,646 - SimpleLog4JLogSystem initialized using logfile 'velocity.log'
2011-05-06 14:26:52,647 - ************************************************************** 
2011-05-06 14:26:52,647 - Starting Jakarta Velocity v1.4
2011-05-06 14:26:52,647 - RuntimeInstance initializing.
2011-05-06 14:26:52,647 - Default Properties File: org/apache/velocity/runtime/defaults/velocity.properties
2011-05-06 14:26:52,647 - Trying to use logger class org.apache.velocity.runtime.log.SimpleLog4JLogSystem
2011-05-06 14:26:52,647 - Using logger class org.apache.velocity.runtime.log.SimpleLog4JLogSystem
2011-05-06 14:26:52,650 - Default ResourceManager initializing. (class org.apache.velocity.runtime.resource.ResourceManagerImpl)
2011-05-06 14:26:52,655 - Resource Loader Instantiated: org.apache.velocity.runtime.resource.loader.ClasspathResourceLoader
2011-05-06 14:26:52,655 - ClasspathResourceLoader : initialization starting.
2011-05-06 14:26:52,655 - ClasspathResourceLoader : initialization complete.
2011-05-06 14:26:52,657 - ResourceCache : initialized. (class org.apache.velocity.runtime.resource.ResourceCacheImpl)
2011-05-06 14:26:52,657 - Default ResourceManager initialization complete.
2011-05-06 14:26:52,658 - Loaded System Directive: org.apache.velocity.runtime.directive.Literal
2011-05-06 14:26:52,660 - Loaded System Directive: org.apache.velocity.runtime.directive.Macro
2011-05-06 14:26:52,662 - Loaded System Directive: org.apache.velocity.runtime.directive.Parse
2011-05-06 14:26:52,664 - Loaded System Directive: org.apache.velocity.runtime.directive.Include
2011-05-06 14:26:52,665 - Loaded System Directive: org.apache.velocity.runtime.directive.Foreach
2011-05-06 14:26:52,692 - Created: 20 parsers.
2011-05-06 14:26:52,699 - Velocimacro : initialization starting.
2011-05-06 14:26:52,699 - Velocimacro : adding VMs from VM library template : VM_global_library.vm
2011-05-06 14:26:52,704 - ResourceManager : unable to find resource 'VM_global_library.vm' in any resource loader.
2011-05-06 14:26:52,704 - Velocimacro : error using  VM library template VM_global_library.vm : org.apache.velocity.exception.ResourceNotFoundException: Unable to find resource 'VM_global_library.vm'
2011-05-06 14:26:52,704 - Velocimacro :  VM library template macro registration complete.
2011-05-06 14:26:52,704 - Velocimacro : allowInline = true : VMs can be defined inline in templates
2011-05-06 14:26:52,704 - Velocimacro : allowInlineToOverride = false : VMs defined inline may NOT replace previous VM definitions
2011-05-06 14:26:52,704 - Velocimacro : allowInlineLocal = false : VMs defined inline will be  global in scope if allowed.
2011-05-06 14:26:52,704 - Velocimacro : messages on  : VM system will output logging messages
2011-05-06 14:26:52,704 - Velocimacro : autoload off  : VM system will not automatically reload global library macros
2011-05-06 14:26:52,704 - Velocimacro : initialization complete.
2011-05-06 14:26:52,704 - Velocity successfully started.
2011-05-06 14:42:14,815 - SimpleLog4JLogSystem initialized using logfile 'velocity.log'
2011-05-06 14:42:14,815 - ************************************************************** 
2011-05-06 14:42:14,815 - Starting Jakarta Velocity v1.4
2011-05-06 14:42:14,815 - RuntimeInstance initializing.
2011-05-06 14:42:14,815 - Default Properties File: org/apache/velocity/runtime/defaults/velocity.properties
2011-05-06 14:42:14,815 - Trying to use logger class org.apache.velocity.runtime.log.SimpleLog4JLogSystem
2011-05-06 14:42:14,815 - Using logger class org.apache.velocity.runtime.log.SimpleLog4JLogSystem
2011-05-06 14:42:14,819 - Default ResourceManager initializing. (class org.apache.velocity.runtime.resource.ResourceManagerImpl)
2011-05-06 14:42:14,821 - Resource Loader Instantiated: org.apache.velocity.runtime.resource.loader.ClasspathResourceLoader
2011-05-06 14:42:14,822 - ClasspathResourceLoader : initialization starting.
2011-05-06 14:42:14,822 - ClasspathResourceLoader : initialization complete.
2011-05-06 14:42:14,823 - ResourceCache : initialized. (class org.apache.velocity.runtime.resource.ResourceCacheImpl)
2011-05-06 14:42:14,823 - Default ResourceManager initialization complete.
2011-05-06 14:42:14,825 - Loaded System Directive: org.apache.velocity.runtime.directive.Literal
2011-05-06 14:42:14,829 - Loaded System Directive: org.apache.velocity.runtime.directive.Macro
2011-05-06 14:42:14,832 - Loaded System Directive: org.apache.velocity.runtime.directive.Parse
2011-05-06 14:42:14,834 - Loaded System Directive: org.apache.velocity.runtime.directive.Include
2011-05-06 14:42:14,834 - Loaded System Directive: org.apache.velocity.runtime.directive.Foreach
2011-05-06 14:42:14,862 - Created: 20 parsers.
2011-05-06 14:42:14,869 - Velocimacro : initialization starting.
2011-05-06 14:42:14,869 - Velocimacro : adding VMs from VM library template : VM_global_library.vm
2011-05-06 14:42:14,875 - ResourceManager : unable to find resource 'VM_global_library.vm' in any resource loader.
2011-05-06 14:42:14,875 - Velocimacro : error using  VM library template VM_global_library.vm : org.apache.velocity.exception.ResourceNotFoundException: Unable to find resource 'VM_global_library.vm'
2011-05-06 14:42:14,875 - Velocimacro :  VM library template macro registration complete.
2011-05-06 14:42:14,875 - Velocimacro : allowInline = true : VMs can be defined inline in templates
2011-05-06 14:42:14,875 - Velocimacro : allowInlineToOverride = false : VMs defined inline may NOT replace previous VM definitions
2011-05-06 14:42:14,875 - Velocimacro : allowInlineLocal = false : VMs defined inline will be  global in scope if allowed.
2011-05-06 14:42:14,875 - Velocimacro : messages on  : VM system will output logging messages
2011-05-06 14:42:14,875 - Velocimacro : autoload off  : VM system will not automatically reload global library macros
2011-05-06 14:42:14,875 - Velocimacro : initialization complete.
2011-05-06 14:42:14,875 - Velocity successfully started.
